mode: atomic
github.com/gidyon/mpesapayments/internal/stk/insert.go:17.36,18.27 1 0
github.com/gidyon/mpesapayments/internal/stk/insert.go:21.2,21.11 1 0
github.com/gidyon/mpesapayments/internal/stk/insert.go:18.27,20.3 1 0
github.com/gidyon/mpesapayments/internal/stk/insert.go:24.63,30.35 4 1
github.com/gidyon/mpesapayments/internal/stk/insert.go:38.2,38.33 1 1
github.com/gidyon/mpesapayments/internal/stk/insert.go:115.2,117.19 2 1
github.com/gidyon/mpesapayments/internal/stk/insert.go:122.2,122.6 1 1
github.com/gidyon/mpesapayments/internal/stk/insert.go:30.35,32.52 2 1
github.com/gidyon/mpesapayments/internal/stk/insert.go:35.3,35.13 1 1
github.com/gidyon/mpesapayments/internal/stk/insert.go:32.52,34.4 1 102
github.com/gidyon/mpesapayments/internal/stk/insert.go:38.33,40.38 1 1
github.com/gidyon/mpesapayments/internal/stk/insert.go:111.3,112.43 2 1
github.com/gidyon/mpesapayments/internal/stk/insert.go:40.38,43.45 1 102
github.com/gidyon/mpesapayments/internal/stk/insert.go:43.45,50.18 3 102
github.com/gidyon/mpesapayments/internal/stk/insert.go:54.5,58.12 3 102
github.com/gidyon/mpesapayments/internal/stk/insert.go:69.5,73.12 3 0
github.com/gidyon/mpesapayments/internal/stk/insert.go:84.5,84.67 1 0
github.com/gidyon/mpesapayments/internal/stk/insert.go:50.18,52.6 1 102
github.com/gidyon/mpesapayments/internal/stk/insert.go:59.21,60.20 1 0
github.com/gidyon/mpesapayments/internal/stk/insert.go:61.36,62.12 1 102
github.com/gidyon/mpesapayments/internal/stk/insert.go:63.13,65.12 2 0
github.com/gidyon/mpesapayments/internal/stk/insert.go:74.21,75.20 1 0
github.com/gidyon/mpesapayments/internal/stk/insert.go:76.36,78.21 2 0
github.com/gidyon/mpesapayments/internal/stk/insert.go:79.13,81.21 2 0
github.com/gidyon/mpesapayments/internal/stk/insert.go:84.67,91.20 5 0
github.com/gidyon/mpesapayments/internal/stk/insert.go:97.6,102.20 2 0
github.com/gidyon/mpesapayments/internal/stk/insert.go:91.20,94.7 2 0
github.com/gidyon/mpesapayments/internal/stk/insert.go:102.20,105.7 2 0
github.com/gidyon/mpesapayments/internal/stk/insert.go:117.19,120.3 2 0
github.com/gidyon/mpesapayments/internal/stk/insert.go:122.6,123.10 1 105
github.com/gidyon/mpesapayments/internal/stk/insert.go:124.21,125.10 1 0
github.com/gidyon/mpesapayments/internal/stk/insert.go:126.19,127.33 1 2
github.com/gidyon/mpesapayments/internal/stk/insert.go:141.42,143.47 2 102
github.com/gidyon/mpesapayments/internal/stk/insert.go:127.33,129.12 2 1
github.com/gidyon/mpesapayments/internal/stk/insert.go:130.21,132.20 2 0
github.com/gidyon/mpesapayments/internal/stk/insert.go:133.70,135.21 2 1
github.com/gidyon/mpesapayments/internal/stk/insert.go:136.13,137.79 1 0
github.com/gidyon/mpesapayments/internal/stk/insert.go:143.47,145.12 2 0
github.com/gidyon/mpesapayments/internal/stk/insert.go:146.21,148.20 2 0
github.com/gidyon/mpesapayments/internal/stk/insert.go:149.70,151.21 2 0
github.com/gidyon/mpesapayments/internal/stk/insert.go:152.13,153.80 1 0
github.com/gidyon/mpesapayments/internal/stk/model.go:32.39,35.18 2 1
github.com/gidyon/mpesapayments/internal/stk/model.go:38.2,38.17 1 0
github.com/gidyon/mpesapayments/internal/stk/model.go:35.18,37.3 1 1
github.com/gidyon/mpesapayments/internal/stk/model.go:42.73,43.25 1 205
github.com/gidyon/mpesapayments/internal/stk/model.go:47.2,61.26 2 205
github.com/gidyon/mpesapayments/internal/stk/model.go:43.25,45.3 1 0
github.com/gidyon/mpesapayments/internal/stk/model.go:65.73,66.25 1 900
github.com/gidyon/mpesapayments/internal/stk/model.go:70.2,86.21 2 900
github.com/gidyon/mpesapayments/internal/stk/model.go:66.25,68.3 1 0
github.com/gidyon/mpesapayments/internal/stk/stk.go:80.42,82.9 2 20
github.com/gidyon/mpesapayments/internal/stk/stk.go:102.2,102.12 1 20
github.com/gidyon/mpesapayments/internal/stk/stk.go:83.18,84.34 1 1
github.com/gidyon/mpesapayments/internal/stk/stk.go:85.24,86.33 1 1
github.com/gidyon/mpesapayments/internal/stk/stk.go:87.26,88.35 1 1
github.com/gidyon/mpesapayments/internal/stk/stk.go:89.25,90.33 1 1
github.com/gidyon/mpesapayments/internal/stk/stk.go:91.26,92.35 1 1
github.com/gidyon/mpesapayments/internal/stk/stk.go:93.35,94.54 1 1
github.com/gidyon/mpesapayments/internal/stk/stk.go:95.29,96.38 1 1
github.com/gidyon/mpesapayments/internal/stk/stk.go:97.32,98.41 1 1
github.com/gidyon/mpesapayments/internal/stk/stk.go:99.29,100.38 1 2
github.com/gidyon/mpesapayments/internal/stk/stk.go:123.48,125.9 2 10
github.com/gidyon/mpesapayments/internal/stk/stk.go:150.2,150.12 1 10
github.com/gidyon/mpesapayments/internal/stk/stk.go:126.18,127.38 1 0
github.com/gidyon/mpesapayments/internal/stk/stk.go:128.32,129.46 1 1
github.com/gidyon/mpesapayments/internal/stk/stk.go:130.29,131.42 1 1
github.com/gidyon/mpesapayments/internal/stk/stk.go:132.32,133.45 1 1
github.com/gidyon/mpesapayments/internal/stk/stk.go:134.35,135.49 1 1
github.com/gidyon/mpesapayments/internal/stk/stk.go:136.34,137.47 1 1
github.com/gidyon/mpesapayments/internal/stk/stk.go:138.27,139.39 1 1
github.com/gidyon/mpesapayments/internal/stk/stk.go:140.25,141.38 1 1
github.com/gidyon/mpesapayments/internal/stk/stk.go:142.29,143.42 1 1
github.com/gidyon/mpesapayments/internal/stk/stk.go:144.25,145.38 1 1
github.com/gidyon/mpesapayments/internal/stk/stk.go:146.26,146.26 0 0
github.com/gidyon/mpesapayments/internal/stk/stk.go:147.29,147.29 0 0
github.com/gidyon/mpesapayments/internal/stk/stk.go:148.28,148.28 0 0
github.com/gidyon/mpesapayments/internal/stk/stk.go:156.33,159.9 2 21
github.com/gidyon/mpesapayments/internal/stk/stk.go:177.2,187.30 3 1
github.com/gidyon/mpesapayments/internal/stk/stk.go:192.2,192.38 1 1
github.com/gidyon/mpesapayments/internal/stk/stk.go:197.2,199.16 2 1
github.com/gidyon/mpesapayments/internal/stk/stk.go:203.2,209.16 4 1
github.com/gidyon/mpesapayments/internal/stk/stk.go:214.2,225.49 3 1
github.com/gidyon/mpesapayments/internal/stk/stk.go:232.2,233.39 2 1
github.com/gidyon/mpesapayments/internal/stk/stk.go:238.2,243.20 3 1
github.com/gidyon/mpesapayments/internal/stk/stk.go:160.18,161.40 1 1
github.com/gidyon/mpesapayments/internal/stk/stk.go:162.10,164.17 2 20
github.com/gidyon/mpesapayments/internal/stk/stk.go:167.3,167.50 1 10
github.com/gidyon/mpesapayments/internal/stk/stk.go:170.3,171.17 2 10
github.com/gidyon/mpesapayments/internal/stk/stk.go:164.17,166.4 1 10
github.com/gidyon/mpesapayments/internal/stk/stk.go:167.50,169.4 1 0
github.com/gidyon/mpesapayments/internal/stk/stk.go:171.17,173.4 1 9
github.com/gidyon/mpesapayments/internal/stk/stk.go:187.30,189.3 1 1
github.com/gidyon/mpesapayments/internal/stk/stk.go:192.38,194.3 1 1
github.com/gidyon/mpesapayments/internal/stk/stk.go:199.16,201.3 1 0
github.com/gidyon/mpesapayments/internal/stk/stk.go:209.16,211.3 1 0
github.com/gidyon/mpesapayments/internal/stk/stk.go:225.49,227.17 2 1
github.com/gidyon/mpesapayments/internal/stk/stk.go:227.17,229.4 1 0
github.com/gidyon/mpesapayments/internal/stk/stk.go:233.39,235.3 1 1
github.com/gidyon/mpesapayments/internal/stk/stk.go:247.56,249.9 2 108
github.com/gidyon/mpesapayments/internal/stk/stk.go:263.2,263.12 1 108
github.com/gidyon/mpesapayments/internal/stk/stk.go:250.22,251.38 1 1
github.com/gidyon/mpesapayments/internal/stk/stk.go:252.63,253.42 1 1
github.com/gidyon/mpesapayments/internal/stk/stk.go:254.28,255.48 1 1
github.com/gidyon/mpesapayments/internal/stk/stk.go:256.32,257.41 1 1
github.com/gidyon/mpesapayments/internal/stk/stk.go:258.32,259.48 1 1
github.com/gidyon/mpesapayments/internal/stk/stk.go:260.41,261.46 1 1
github.com/gidyon/mpesapayments/internal/stk/stk.go:267.58,269.2 1 104
github.com/gidyon/mpesapayments/internal/stk/stk.go:272.66,274.2 1 1
github.com/gidyon/mpesapayments/internal/stk/stk.go:277.43,279.2 1 48
github.com/gidyon/mpesapayments/internal/stk/stk.go:281.58,283.2 1 47
github.com/gidyon/mpesapayments/internal/stk/stk.go:287.41,289.9 1 6
github.com/gidyon/mpesapayments/internal/stk/stk.go:302.2,306.16 3 2
github.com/gidyon/mpesapayments/internal/stk/stk.go:312.2,313.16 2 2
github.com/gidyon/mpesapayments/internal/stk/stk.go:317.2,317.17 1 2
github.com/gidyon/mpesapayments/internal/stk/stk.go:324.2,328.16 3 1
github.com/gidyon/mpesapayments/internal/stk/stk.go:334.2,338.16 3 1
github.com/gidyon/mpesapayments/internal/stk/stk.go:344.2,345.16 2 1
github.com/gidyon/mpesapayments/internal/stk/stk.go:351.2,354.41 4 1
github.com/gidyon/mpesapayments/internal/stk/stk.go:359.2,375.16 3 1
github.com/gidyon/mpesapayments/internal/stk/stk.go:381.2,382.16 2 1
github.com/gidyon/mpesapayments/internal/stk/stk.go:388.2,391.12 3 1
github.com/gidyon/mpesapayments/internal/stk/stk.go:421.2,424.8 1 1
github.com/gidyon/mpesapayments/internal/stk/stk.go:290.22,291.49 1 1
github.com/gidyon/mpesapayments/internal/stk/stk.go:292.33,293.48 1 0
github.com/gidyon/mpesapayments/internal/stk/stk.go:294.27,295.41 1 1
github.com/gidyon/mpesapayments/internal/stk/stk.go:296.27,297.42 1 1
github.com/gidyon/mpesapayments/internal/stk/stk.go:298.30,299.47 1 1
github.com/gidyon/mpesapayments/internal/stk/stk.go:306.16,309.3 2 0
github.com/gidyon/mpesapayments/internal/stk/stk.go:313.16,315.3 1 0
github.com/gidyon/mpesapayments/internal/stk/stk.go:317.17,322.3 1 1
github.com/gidyon/mpesapayments/internal/stk/stk.go:328.16,331.3 2 0
github.com/gidyon/mpesapayments/internal/stk/stk.go:338.16,341.3 2 0
github.com/gidyon/mpesapayments/internal/stk/stk.go:345.16,348.3 2 0
github.com/gidyon/mpesapayments/internal/stk/stk.go:354.41,356.3 1 0
github.com/gidyon/mpesapayments/internal/stk/stk.go:375.16,378.3 2 0
github.com/gidyon/mpesapayments/internal/stk/stk.go:382.16,385.3 2 0
github.com/gidyon/mpesapayments/internal/stk/stk.go:391.12,397.17 4 1
github.com/gidyon/mpesapayments/internal/stk/stk.go:403.3,406.34 3 1
github.com/gidyon/mpesapayments/internal/stk/stk.go:413.3,414.9 2 1
github.com/gidyon/mpesapayments/internal/stk/stk.go:397.17,401.4 3 0
github.com/gidyon/mpesapayments/internal/stk/stk.go:406.34,410.4 3 0
github.com/gidyon/mpesapayments/internal/stk/stk.go:414.9,418.4 3 0
github.com/gidyon/mpesapayments/internal/stk/stk.go:429.28,432.16 2 109
github.com/gidyon/mpesapayments/internal/stk/stk.go:437.2,437.9 1 109
github.com/gidyon/mpesapayments/internal/stk/stk.go:447.2,448.16 2 102
github.com/gidyon/mpesapayments/internal/stk/stk.go:453.2,453.12 1 102
github.com/gidyon/mpesapayments/internal/stk/stk.go:460.2,460.33 1 102
github.com/gidyon/mpesapayments/internal/stk/stk.go:468.2,472.8 1 102
github.com/gidyon/mpesapayments/internal/stk/stk.go:432.16,434.3 1 0
github.com/gidyon/mpesapayments/internal/stk/stk.go:438.24,439.56 1 1
github.com/gidyon/mpesapayments/internal/stk/stk.go:440.10,442.17 2 108
github.com/gidyon/mpesapayments/internal/stk/stk.go:442.17,444.4 1 6
github.com/gidyon/mpesapayments/internal/stk/stk.go:448.16,450.3 1 0
github.com/gidyon/mpesapayments/internal/stk/stk.go:453.12,458.3 1 102
github.com/gidyon/mpesapayments/internal/stk/stk.go:460.33,466.3 1 102
github.com/gidyon/mpesapayments/internal/stk/stk.go:477.28,480.16 2 6
github.com/gidyon/mpesapayments/internal/stk/stk.go:485.2,486.9 2 6
github.com/gidyon/mpesapayments/internal/stk/stk.go:495.2,497.20 2 4
github.com/gidyon/mpesapayments/internal/stk/stk.go:502.2,502.9 1 4
github.com/gidyon/mpesapayments/internal/stk/stk.go:508.2,508.38 1 3
github.com/gidyon/mpesapayments/internal/stk/stk.go:480.16,482.3 1 0
github.com/gidyon/mpesapayments/internal/stk/stk.go:487.21,488.53 1 1
github.com/gidyon/mpesapayments/internal/stk/stk.go:489.30,490.46 1 1
github.com/gidyon/mpesapayments/internal/stk/stk.go:491.10,492.48 1 4
github.com/gidyon/mpesapayments/internal/stk/stk.go:497.20,499.3 1 1
github.com/gidyon/mpesapayments/internal/stk/stk.go:499.8,501.3 1 3
github.com/gidyon/mpesapayments/internal/stk/stk.go:503.18,503.18 0 3
github.com/gidyon/mpesapayments/internal/stk/stk.go:504.46,505.67 1 1
github.com/gidyon/mpesapayments/internal/stk/stk.go:513.49,515.2 1 45
github.com/gidyon/mpesapayments/internal/stk/stk.go:519.41,522.16 2 46
github.com/gidyon/mpesapayments/internal/stk/stk.go:527.2,527.9 1 46
github.com/gidyon/mpesapayments/internal/stk/stk.go:535.2,539.46 3 45
github.com/gidyon/mpesapayments/internal/stk/stk.go:543.2,544.49 2 45
github.com/gidyon/mpesapayments/internal/stk/stk.go:550.2,553.21 3 45
github.com/gidyon/mpesapayments/internal/stk/stk.go:563.2,567.28 3 45
github.com/gidyon/mpesapayments/internal/stk/stk.go:572.2,572.20 1 45
github.com/gidyon/mpesapayments/internal/stk/stk.go:577.2,577.27 1 45
github.com/gidyon/mpesapayments/internal/stk/stk.go:610.2,611.9 2 44
github.com/gidyon/mpesapayments/internal/stk/stk.go:617.2,619.49 2 44
github.com/gidyon/mpesapayments/internal/stk/stk.go:633.2,634.40 2 44
github.com/gidyon/mpesapayments/internal/stk/stk.go:642.2,645.8 1 44
github.com/gidyon/mpesapayments/internal/stk/stk.go:522.16,524.3 1 0
github.com/gidyon/mpesapayments/internal/stk/stk.go:528.22,529.45 1 1
github.com/gidyon/mpesapayments/internal/stk/stk.go:530.28,531.45 1 0
github.com/gidyon/mpesapayments/internal/stk/stk.go:539.46,541.3 1 0
github.com/gidyon/mpesapayments/internal/stk/stk.go:544.49,545.44 1 43
github.com/gidyon/mpesapayments/internal/stk/stk.go:545.44,547.4 1 43
github.com/gidyon/mpesapayments/internal/stk/stk.go:553.21,555.17 2 42
github.com/gidyon/mpesapayments/internal/stk/stk.go:560.3,560.27 1 42
github.com/gidyon/mpesapayments/internal/stk/stk.go:555.17,559.4 1 0
github.com/gidyon/mpesapayments/internal/stk/stk.go:567.28,569.3 1 0
github.com/gidyon/mpesapayments/internal/stk/stk.go:572.20,574.3 1 42
github.com/gidyon/mpesapayments/internal/stk/stk.go:577.27,582.36 3 45
github.com/gidyon/mpesapayments/internal/stk/stk.go:593.3,593.38 1 44
github.com/gidyon/mpesapayments/internal/stk/stk.go:599.3,599.91 1 44
github.com/gidyon/mpesapayments/internal/stk/stk.go:582.36,584.4 1 0
github.com/gidyon/mpesapayments/internal/stk/stk.go:584.9,584.41 1 45
github.com/gidyon/mpesapayments/internal/stk/stk.go:584.41,587.18 2 2
github.com/gidyon/mpesapayments/internal/stk/stk.go:590.4,590.91 1 1
github.com/gidyon/mpesapayments/internal/stk/stk.go:587.18,589.5 1 1
github.com/gidyon/mpesapayments/internal/stk/stk.go:593.38,594.45 1 1
github.com/gidyon/mpesapayments/internal/stk/stk.go:594.45,596.5 1 1
github.com/gidyon/mpesapayments/internal/stk/stk.go:599.91,600.39 1 43
github.com/gidyon/mpesapayments/internal/stk/stk.go:601.63,601.63 0 0
github.com/gidyon/mpesapayments/internal/stk/stk.go:602.51,603.37 1 43
github.com/gidyon/mpesapayments/internal/stk/stk.go:604.47,605.36 1 0
github.com/gidyon/mpesapayments/internal/stk/stk.go:612.18,612.18 0 44
github.com/gidyon/mpesapayments/internal/stk/stk.go:613.10,614.55 1 0
github.com/gidyon/mpesapayments/internal/stk/stk.go:619.49,621.17 2 897
github.com/gidyon/mpesapayments/internal/stk/stk.go:625.3,625.25 1 897
github.com/gidyon/mpesapayments/internal/stk/stk.go:629.3,630.41 2 855
github.com/gidyon/mpesapayments/internal/stk/stk.go:621.17,623.4 1 0
github.com/gidyon/mpesapayments/internal/stk/stk.go:625.25,626.9 1 42
github.com/gidyon/mpesapayments/internal/stk/stk.go:634.40,637.17 2 42
github.com/gidyon/mpesapayments/internal/stk/stk.go:637.17,639.4 1 0
github.com/gidyon/mpesapayments/internal/stk/stk.go:648.49,655.16 3 2
github.com/gidyon/mpesapayments/internal/stk/stk.go:659.2,659.15 1 1
github.com/gidyon/mpesapayments/internal/stk/stk.go:655.16,657.3 1 1
github.com/gidyon/mpesapayments/internal/stk/stk.go:664.27,667.16 2 3
github.com/gidyon/mpesapayments/internal/stk/stk.go:672.2,673.9 2 3
github.com/gidyon/mpesapayments/internal/stk/stk.go:682.2,682.20 1 1
github.com/gidyon/mpesapayments/internal/stk/stk.go:689.2,689.9 1 1
github.com/gidyon/mpesapayments/internal/stk/stk.go:695.2,695.30 1 1
github.com/gidyon/mpesapayments/internal/stk/stk.go:667.16,669.3 1 0
github.com/gidyon/mpesapayments/internal/stk/stk.go:674.25,675.48 1 1
github.com/gidyon/mpesapayments/internal/stk/stk.go:676.34,677.46 1 1
github.com/gidyon/mpesapayments/internal/stk/stk.go:678.10,679.52 1 1
github.com/gidyon/mpesapayments/internal/stk/stk.go:682.20,685.3 1 0
github.com/gidyon/mpesapayments/internal/stk/stk.go:685.8,688.3 1 1
github.com/gidyon/mpesapayments/internal/stk/stk.go:690.18,690.18 0 1
github.com/gidyon/mpesapayments/internal/stk/stk.go:691.10,692.54 1 0
github.com/gidyon/mpesapayments/internal/stk/stk.go:700.27,703.16 2 858
github.com/gidyon/mpesapayments/internal/stk/stk.go:708.2,708.9 1 858
github.com/gidyon/mpesapayments/internal/stk/stk.go:718.2,721.16 2 1
github.com/gidyon/mpesapayments/internal/stk/stk.go:726.2,732.22 2 1
github.com/gidyon/mpesapayments/internal/stk/stk.go:756.2,757.16 2 1
github.com/gidyon/mpesapayments/internal/stk/stk.go:761.2,764.31 2 1
github.com/gidyon/mpesapayments/internal/stk/stk.go:788.2,788.30 1 1
github.com/gidyon/mpesapayments/internal/stk/stk.go:703.16,705.3 1 0
github.com/gidyon/mpesapayments/internal/stk/stk.go:709.21,710.48 1 1
github.com/gidyon/mpesapayments/internal/stk/stk.go:711.30,712.46 1 1
github.com/gidyon/mpesapayments/internal/stk/stk.go:713.50,714.47 1 855
github.com/gidyon/mpesapayments/internal/stk/stk.go:721.16,723.3 1 0
github.com/gidyon/mpesapayments/internal/stk/stk.go:732.22,736.10 3 0
github.com/gidyon/mpesapayments/internal/stk/stk.go:745.3,745.16 1 0
github.com/gidyon/mpesapayments/internal/stk/stk.go:737.19,737.19 0 0
github.com/gidyon/mpesapayments/internal/stk/stk.go:738.34,739.86 1 0
github.com/gidyon/mpesapayments/internal/stk/stk.go:740.11,741.47 1 0
github.com/gidyon/mpesapayments/internal/stk/stk.go:745.16,748.18 3 0
github.com/gidyon/mpesapayments/internal/stk/stk.go:751.4,751.44 1 0
github.com/gidyon/mpesapayments/internal/stk/stk.go:748.18,750.5 1 0
github.com/gidyon/mpesapayments/internal/stk/stk.go:757.16,759.3 1 0
github.com/gidyon/mpesapayments/internal/stk/stk.go:765.61,767.17 2 0
github.com/gidyon/mpesapayments/internal/stk/stk.go:770.45,772.29 1 0
github.com/gidyon/mpesapayments/internal/stk/stk.go:778.49,780.30 1 1
github.com/gidyon/mpesapayments/internal/stk/stk.go:767.17,769.4 1 0
github.com/gidyon/mpesapayments/internal/stk/stk.go:772.29,774.18 2 0
github.com/gidyon/mpesapayments/internal/stk/stk.go:774.18,776.5 1 0
github.com/gidyon/mpesapayments/internal/stk/stk.go:780.30,782.18 2 1
github.com/gidyon/mpesapayments/internal/stk/stk.go:782.18,784.5 1 0
github.com/gidyon/mpesapayments/internal/stk/stk.go:793.27,796.16 2 2
github.com/gidyon/mpesapayments/internal/stk/stk.go:801.2,801.9 1 2
github.com/gidyon/mpesapayments/internal/stk/stk.go:816.2,816.32 1 1
github.com/gidyon/mpesapayments/internal/stk/stk.go:826.2,832.11 2 1
github.com/gidyon/mpesapayments/internal/stk/stk.go:872.2,872.30 1 1
github.com/gidyon/mpesapayments/internal/stk/stk.go:796.16,798.3 1 0
github.com/gidyon/mpesapayments/internal/stk/stk.go:802.21,803.52 1 1
github.com/gidyon/mpesapayments/internal/stk/stk.go:804.92,805.87 1 0
github.com/gidyon/mpesapayments/internal/stk/stk.go:806.10,807.61 1 1
github.com/gidyon/mpesapayments/internal/stk/stk.go:807.61,808.51 1 0
github.com/gidyon/mpesapayments/internal/stk/stk.go:808.51,812.5 1 0
github.com/gidyon/mpesapayments/internal/stk/stk.go:816.32,817.31 1 1
github.com/gidyon/mpesapayments/internal/stk/stk.go:820.3,821.32 2 1
github.com/gidyon/mpesapayments/internal/stk/stk.go:817.31,819.4 1 1
github.com/gidyon/mpesapayments/internal/stk/stk.go:821.32,823.4 1 0
github.com/gidyon/mpesapayments/internal/stk/stk.go:832.11,843.17 2 43
github.com/gidyon/mpesapayments/internal/stk/stk.go:846.3,846.34 1 43
github.com/gidyon/mpesapayments/internal/stk/stk.go:849.3,854.47 3 43
github.com/gidyon/mpesapayments/internal/stk/stk.go:869.3,869.12 1 43
github.com/gidyon/mpesapayments/internal/stk/stk.go:843.17,845.4 1 0
github.com/gidyon/mpesapayments/internal/stk/stk.go:846.34,848.4 1 1
github.com/gidyon/mpesapayments/internal/stk/stk.go:854.47,857.37 2 855
github.com/gidyon/mpesapayments/internal/stk/stk.go:857.37,866.5 2 855
github.com/gidyon/mpesapayments/internal/stk/worker.go:18.93,20.6 2 1
github.com/gidyon/mpesapayments/internal/stk/worker.go:20.6,22.17 2 3
github.com/gidyon/mpesapayments/internal/stk/worker.go:27.3,27.10 1 3
github.com/gidyon/mpesapayments/internal/stk/worker.go:22.17,24.4 1 0
github.com/gidyon/mpesapayments/internal/stk/worker.go:24.9,26.4 1 3
github.com/gidyon/mpesapayments/internal/stk/worker.go:28.21,29.10 1 0
github.com/gidyon/mpesapayments/internal/stk/worker.go:30.26,30.26 0 2
github.com/gidyon/mpesapayments/internal/stk/worker.go:35.55,37.16 2 3
github.com/gidyon/mpesapayments/internal/stk/worker.go:41.2,44.43 3 3
github.com/gidyon/mpesapayments/internal/stk/worker.go:48.2,50.43 3 3
github.com/gidyon/mpesapayments/internal/stk/worker.go:54.2,56.12 2 3
github.com/gidyon/mpesapayments/internal/stk/worker.go:37.16,39.3 1 0
github.com/gidyon/mpesapayments/internal/stk/worker.go:44.43,46.3 1 0
github.com/gidyon/mpesapayments/internal/stk/worker.go:50.43,52.3 1 0
github.com/gidyon/mpesapayments/internal/stk/worker.go:59.76,63.6 3 0
github.com/gidyon/mpesapayments/internal/stk/worker.go:63.6,64.10 1 0
github.com/gidyon/mpesapayments/internal/stk/worker.go:65.21,66.10 1 0
github.com/gidyon/mpesapayments/internal/stk/worker.go:67.19,69.11 2 0
github.com/gidyon/mpesapayments/internal/stk/worker.go:70.46,70.46 0 0
github.com/gidyon/mpesapayments/internal/stk/worker.go:71.84,71.84 0 0
github.com/gidyon/mpesapayments/internal/stk/worker.go:72.12,73.64 1 0
github.com/gidyon/mpesapayments/internal/stk/worker.go:79.52,86.15 4 0
github.com/gidyon/mpesapayments/internal/stk/worker.go:92.1,93.6 1 0
github.com/gidyon/mpesapayments/internal/stk/worker.go:86.15,87.16 1 0
github.com/gidyon/mpesapayments/internal/stk/worker.go:87.16,89.4 1 0
github.com/gidyon/mpesapayments/internal/stk/worker.go:93.6,94.10 1 0
github.com/gidyon/mpesapayments/internal/stk/worker.go:95.21,96.20 1 0
github.com/gidyon/mpesapayments/internal/stk/worker.go:97.11,101.11 2 0
github.com/gidyon/mpesapayments/internal/stk/worker.go:114.4,116.18 3 0
github.com/gidyon/mpesapayments/internal/stk/worker.go:122.4,123.18 2 0
github.com/gidyon/mpesapayments/internal/stk/worker.go:128.4,129.18 2 0
github.com/gidyon/mpesapayments/internal/stk/worker.go:135.4,136.11 2 0
github.com/gidyon/mpesapayments/internal/stk/worker.go:147.4,147.57 1 0
github.com/gidyon/mpesapayments/internal/stk/worker.go:102.20,102.20 0 0
github.com/gidyon/mpesapayments/internal/stk/worker.go:103.35,103.35 0 0
github.com/gidyon/mpesapayments/internal/stk/worker.go:104.12,105.19 1 0
github.com/gidyon/mpesapayments/internal/stk/worker.go:108.5,108.18 1 0
github.com/gidyon/mpesapayments/internal/stk/worker.go:105.19,107.6 1 0
github.com/gidyon/mpesapayments/internal/stk/worker.go:108.18,109.15 1 0
github.com/gidyon/mpesapayments/internal/stk/worker.go:116.18,118.14 2 0
github.com/gidyon/mpesapayments/internal/stk/worker.go:123.18,125.14 2 0
github.com/gidyon/mpesapayments/internal/stk/worker.go:129.18,131.14 2 0
github.com/gidyon/mpesapayments/internal/stk/worker.go:137.20,138.12 1 0
github.com/gidyon/mpesapayments/internal/stk/worker.go:139.69,141.14 2 0
github.com/gidyon/mpesapayments/internal/stk/worker.go:142.12,144.14 2 0
