mode: atomic
github.com/gidyon/mpesapayments/internal/stk/stk.go:65.42,67.9 2 18
github.com/gidyon/mpesapayments/internal/stk/stk.go:83.2,83.12 1 18
github.com/gidyon/mpesapayments/internal/stk/stk.go:68.18,69.34 1 1
github.com/gidyon/mpesapayments/internal/stk/stk.go:70.24,71.33 1 1
github.com/gidyon/mpesapayments/internal/stk/stk.go:72.26,73.35 1 1
github.com/gidyon/mpesapayments/internal/stk/stk.go:74.25,75.33 1 1
github.com/gidyon/mpesapayments/internal/stk/stk.go:76.35,77.42 1 1
github.com/gidyon/mpesapayments/internal/stk/stk.go:78.29,79.38 1 1
github.com/gidyon/mpesapayments/internal/stk/stk.go:80.29,81.38 1 2
github.com/gidyon/mpesapayments/internal/stk/stk.go:103.48,105.9 2 10
github.com/gidyon/mpesapayments/internal/stk/stk.go:130.2,130.12 1 10
github.com/gidyon/mpesapayments/internal/stk/stk.go:106.18,107.38 1 0
github.com/gidyon/mpesapayments/internal/stk/stk.go:108.32,109.46 1 1
github.com/gidyon/mpesapayments/internal/stk/stk.go:110.29,111.42 1 1
github.com/gidyon/mpesapayments/internal/stk/stk.go:112.32,113.45 1 1
github.com/gidyon/mpesapayments/internal/stk/stk.go:114.35,115.49 1 1
github.com/gidyon/mpesapayments/internal/stk/stk.go:116.34,117.47 1 1
github.com/gidyon/mpesapayments/internal/stk/stk.go:118.27,119.39 1 1
github.com/gidyon/mpesapayments/internal/stk/stk.go:120.26,121.38 1 1
github.com/gidyon/mpesapayments/internal/stk/stk.go:122.29,123.42 1 1
github.com/gidyon/mpesapayments/internal/stk/stk.go:124.25,125.38 1 1
github.com/gidyon/mpesapayments/internal/stk/stk.go:126.26,126.26 0 0
github.com/gidyon/mpesapayments/internal/stk/stk.go:127.29,127.29 0 0
github.com/gidyon/mpesapayments/internal/stk/stk.go:128.28,128.28 0 0
github.com/gidyon/mpesapayments/internal/stk/stk.go:134.81,137.9 2 19
github.com/gidyon/mpesapayments/internal/stk/stk.go:151.2,157.16 3 1
github.com/gidyon/mpesapayments/internal/stk/stk.go:162.2,163.16 2 1
github.com/gidyon/mpesapayments/internal/stk/stk.go:167.2,174.49 2 1
github.com/gidyon/mpesapayments/internal/stk/stk.go:181.2,182.28 2 1
github.com/gidyon/mpesapayments/internal/stk/stk.go:187.2,190.39 3 1
github.com/gidyon/mpesapayments/internal/stk/stk.go:195.2,197.20 2 1
github.com/gidyon/mpesapayments/internal/stk/stk.go:138.18,139.40 1 1
github.com/gidyon/mpesapayments/internal/stk/stk.go:140.10,142.17 2 18
github.com/gidyon/mpesapayments/internal/stk/stk.go:145.3,146.17 2 10
github.com/gidyon/mpesapayments/internal/stk/stk.go:142.17,144.4 1 8
github.com/gidyon/mpesapayments/internal/stk/stk.go:146.17,148.4 1 9
github.com/gidyon/mpesapayments/internal/stk/stk.go:157.16,159.3 1 0
github.com/gidyon/mpesapayments/internal/stk/stk.go:163.16,165.3 1 0
github.com/gidyon/mpesapayments/internal/stk/stk.go:174.49,176.17 2 0
github.com/gidyon/mpesapayments/internal/stk/stk.go:176.17,178.4 1 0
github.com/gidyon/mpesapayments/internal/stk/stk.go:182.28,184.3 1 1
github.com/gidyon/mpesapayments/internal/stk/stk.go:190.39,192.3 1 1
github.com/gidyon/mpesapayments/internal/stk/stk.go:201.56,203.9 2 113
github.com/gidyon/mpesapayments/internal/stk/stk.go:221.2,221.12 1 113
github.com/gidyon/mpesapayments/internal/stk/stk.go:204.22,205.40 1 1
github.com/gidyon/mpesapayments/internal/stk/stk.go:206.39,207.49 1 1
github.com/gidyon/mpesapayments/internal/stk/stk.go:208.39,209.49 1 1
github.com/gidyon/mpesapayments/internal/stk/stk.go:210.63,211.42 1 1
github.com/gidyon/mpesapayments/internal/stk/stk.go:212.28,213.48 1 1
github.com/gidyon/mpesapayments/internal/stk/stk.go:214.32,215.41 1 1
github.com/gidyon/mpesapayments/internal/stk/stk.go:216.32,217.48 1 1
github.com/gidyon/mpesapayments/internal/stk/stk.go:218.37,219.46 1 1
github.com/gidyon/mpesapayments/internal/stk/stk.go:225.47,227.2 1 2
github.com/gidyon/mpesapayments/internal/stk/stk.go:231.41,234.16 2 7
github.com/gidyon/mpesapayments/internal/stk/stk.go:239.2,239.9 1 7
github.com/gidyon/mpesapayments/internal/stk/stk.go:252.2,256.16 3 2
github.com/gidyon/mpesapayments/internal/stk/stk.go:260.2,260.17 1 2
github.com/gidyon/mpesapayments/internal/stk/stk.go:268.2,269.16 2 1
github.com/gidyon/mpesapayments/internal/stk/stk.go:274.2,275.16 2 1
github.com/gidyon/mpesapayments/internal/stk/stk.go:280.2,283.41 4 1
github.com/gidyon/mpesapayments/internal/stk/stk.go:288.2,304.16 3 1
github.com/gidyon/mpesapayments/internal/stk/stk.go:310.2,311.16 2 1
github.com/gidyon/mpesapayments/internal/stk/stk.go:317.2,320.12 3 1
github.com/gidyon/mpesapayments/internal/stk/stk.go:347.2,350.8 1 1
github.com/gidyon/mpesapayments/internal/stk/stk.go:234.16,236.3 1 0
github.com/gidyon/mpesapayments/internal/stk/stk.go:240.22,241.49 1 1
github.com/gidyon/mpesapayments/internal/stk/stk.go:242.27,243.41 1 1
github.com/gidyon/mpesapayments/internal/stk/stk.go:244.27,245.42 1 1
github.com/gidyon/mpesapayments/internal/stk/stk.go:246.33,247.48 1 1
github.com/gidyon/mpesapayments/internal/stk/stk.go:248.33,249.48 1 1
github.com/gidyon/mpesapayments/internal/stk/stk.go:256.16,258.3 1 0
github.com/gidyon/mpesapayments/internal/stk/stk.go:260.17,265.3 1 1
github.com/gidyon/mpesapayments/internal/stk/stk.go:269.16,271.3 1 0
github.com/gidyon/mpesapayments/internal/stk/stk.go:275.16,277.3 1 0
github.com/gidyon/mpesapayments/internal/stk/stk.go:283.41,285.3 1 0
github.com/gidyon/mpesapayments/internal/stk/stk.go:304.16,307.3 2 0
github.com/gidyon/mpesapayments/internal/stk/stk.go:311.16,314.3 2 0
github.com/gidyon/mpesapayments/internal/stk/stk.go:320.12,323.17 2 1
github.com/gidyon/mpesapayments/internal/stk/stk.go:329.3,332.34 3 1
github.com/gidyon/mpesapayments/internal/stk/stk.go:339.3,340.9 2 1
github.com/gidyon/mpesapayments/internal/stk/stk.go:323.17,327.4 3 0
github.com/gidyon/mpesapayments/internal/stk/stk.go:332.34,336.4 3 0
github.com/gidyon/mpesapayments/internal/stk/stk.go:340.9,344.4 3 0
github.com/gidyon/mpesapayments/internal/stk/stk.go:355.28,358.16 2 114
github.com/gidyon/mpesapayments/internal/stk/stk.go:363.2,363.9 1 114
github.com/gidyon/mpesapayments/internal/stk/stk.go:373.2,374.16 2 105
github.com/gidyon/mpesapayments/internal/stk/stk.go:379.2,380.9 2 105
github.com/gidyon/mpesapayments/internal/stk/stk.go:393.2,397.8 1 104
github.com/gidyon/mpesapayments/internal/stk/stk.go:358.16,360.3 1 0
github.com/gidyon/mpesapayments/internal/stk/stk.go:364.24,365.56 1 1
github.com/gidyon/mpesapayments/internal/stk/stk.go:366.10,368.17 2 113
github.com/gidyon/mpesapayments/internal/stk/stk.go:368.17,370.4 1 8
github.com/gidyon/mpesapayments/internal/stk/stk.go:374.16,376.3 1 0
github.com/gidyon/mpesapayments/internal/stk/stk.go:381.18,381.18 0 104
github.com/gidyon/mpesapayments/internal/stk/stk.go:382.67,388.9 2 1
github.com/gidyon/mpesapayments/internal/stk/stk.go:389.10,390.54 1 0
github.com/gidyon/mpesapayments/internal/stk/stk.go:402.28,405.16 2 8
github.com/gidyon/mpesapayments/internal/stk/stk.go:410.2,411.9 2 8
github.com/gidyon/mpesapayments/internal/stk/stk.go:423.2,426.9 3 5
github.com/gidyon/mpesapayments/internal/stk/stk.go:432.2,432.38 1 4
github.com/gidyon/mpesapayments/internal/stk/stk.go:405.16,407.3 1 0
github.com/gidyon/mpesapayments/internal/stk/stk.go:412.21,413.53 1 1
github.com/gidyon/mpesapayments/internal/stk/stk.go:414.30,415.46 1 1
github.com/gidyon/mpesapayments/internal/stk/stk.go:416.10,418.17 2 6
github.com/gidyon/mpesapayments/internal/stk/stk.go:418.17,420.4 1 1
github.com/gidyon/mpesapayments/internal/stk/stk.go:427.18,427.18 0 4
github.com/gidyon/mpesapayments/internal/stk/stk.go:428.46,429.67 1 1
github.com/gidyon/mpesapayments/internal/stk/stk.go:437.49,439.2 1 2
github.com/gidyon/mpesapayments/internal/stk/stk.go:443.41,446.16 2 3
github.com/gidyon/mpesapayments/internal/stk/stk.go:451.2,451.9 1 3
github.com/gidyon/mpesapayments/internal/stk/stk.go:457.2,458.46 2 2
github.com/gidyon/mpesapayments/internal/stk/stk.go:462.2,463.49 2 2
github.com/gidyon/mpesapayments/internal/stk/stk.go:467.2,470.21 3 2
github.com/gidyon/mpesapayments/internal/stk/stk.go:478.2,482.28 3 2
github.com/gidyon/mpesapayments/internal/stk/stk.go:487.2,487.20 1 2
github.com/gidyon/mpesapayments/internal/stk/stk.go:492.2,492.27 1 2
github.com/gidyon/mpesapayments/internal/stk/stk.go:516.2,517.9 2 1
github.com/gidyon/mpesapayments/internal/stk/stk.go:523.2,525.49 2 1
github.com/gidyon/mpesapayments/internal/stk/stk.go:534.2,535.41 2 1
github.com/gidyon/mpesapayments/internal/stk/stk.go:543.2,546.8 1 1
github.com/gidyon/mpesapayments/internal/stk/stk.go:446.16,448.3 1 0
github.com/gidyon/mpesapayments/internal/stk/stk.go:452.22,453.45 1 1
github.com/gidyon/mpesapayments/internal/stk/stk.go:458.46,460.3 1 0
github.com/gidyon/mpesapayments/internal/stk/stk.go:463.49,465.3 1 0
github.com/gidyon/mpesapayments/internal/stk/stk.go:470.21,472.17 2 0
github.com/gidyon/mpesapayments/internal/stk/stk.go:475.3,475.27 1 0
github.com/gidyon/mpesapayments/internal/stk/stk.go:472.17,474.4 1 0
github.com/gidyon/mpesapayments/internal/stk/stk.go:482.28,484.3 1 0
github.com/gidyon/mpesapayments/internal/stk/stk.go:487.20,489.3 1 0
github.com/gidyon/mpesapayments/internal/stk/stk.go:492.27,493.34 1 2
github.com/gidyon/mpesapayments/internal/stk/stk.go:500.3,500.38 1 1
github.com/gidyon/mpesapayments/internal/stk/stk.go:505.3,505.82 1 1
github.com/gidyon/mpesapayments/internal/stk/stk.go:493.34,495.18 2 2
github.com/gidyon/mpesapayments/internal/stk/stk.go:498.4,498.78 1 1
github.com/gidyon/mpesapayments/internal/stk/stk.go:495.18,497.5 1 1
github.com/gidyon/mpesapayments/internal/stk/stk.go:500.38,501.42 1 1
github.com/gidyon/mpesapayments/internal/stk/stk.go:501.42,503.5 1 1
github.com/gidyon/mpesapayments/internal/stk/stk.go:505.82,506.39 1 0
github.com/gidyon/mpesapayments/internal/stk/stk.go:507.32,507.32 0 0
github.com/gidyon/mpesapayments/internal/stk/stk.go:508.45,509.37 1 0
github.com/gidyon/mpesapayments/internal/stk/stk.go:510.43,511.36 1 0
github.com/gidyon/mpesapayments/internal/stk/stk.go:518.18,518.18 0 1
github.com/gidyon/mpesapayments/internal/stk/stk.go:519.10,520.55 1 0
github.com/gidyon/mpesapayments/internal/stk/stk.go:525.49,527.17 2 0
github.com/gidyon/mpesapayments/internal/stk/stk.go:530.3,531.41 2 0
github.com/gidyon/mpesapayments/internal/stk/stk.go:527.17,529.4 1 0
github.com/gidyon/mpesapayments/internal/stk/stk.go:535.41,538.17 2 0
github.com/gidyon/mpesapayments/internal/stk/stk.go:538.17,540.4 1 0
github.com/gidyon/mpesapayments/internal/stk/stk.go:549.49,556.16 3 2
github.com/gidyon/mpesapayments/internal/stk/stk.go:560.2,560.15 1 1
github.com/gidyon/mpesapayments/internal/stk/stk.go:556.16,558.3 1 1
github.com/gidyon/mpesapayments/internal/stk/stk.go:565.25,568.16 2 3
github.com/gidyon/mpesapayments/internal/stk/stk.go:573.2,573.9 1 3
github.com/gidyon/mpesapayments/internal/stk/stk.go:581.2,584.16 2 1
github.com/gidyon/mpesapayments/internal/stk/stk.go:589.2,589.37 1 1
github.com/gidyon/mpesapayments/internal/stk/stk.go:598.2,598.28 1 1
github.com/gidyon/mpesapayments/internal/stk/stk.go:568.16,570.3 1 0
github.com/gidyon/mpesapayments/internal/stk/stk.go:574.25,575.48 1 1
github.com/gidyon/mpesapayments/internal/stk/stk.go:576.34,577.46 1 1
github.com/gidyon/mpesapayments/internal/stk/stk.go:584.16,586.3 1 0
github.com/gidyon/mpesapayments/internal/stk/stk.go:589.37,591.10 2 1
github.com/gidyon/mpesapayments/internal/stk/stk.go:592.19,592.19 0 1
github.com/gidyon/mpesapayments/internal/stk/stk.go:593.11,594.57 1 0
github.com/gidyon/mpesapayments/internal/stk/stk.go:603.25,606.16 2 3
github.com/gidyon/mpesapayments/internal/stk/stk.go:611.2,611.9 1 3
github.com/gidyon/mpesapayments/internal/stk/stk.go:621.2,624.16 2 1
github.com/gidyon/mpesapayments/internal/stk/stk.go:628.2,631.31 2 1
github.com/gidyon/mpesapayments/internal/stk/stk.go:663.2,663.28 1 1
github.com/gidyon/mpesapayments/internal/stk/stk.go:606.16,608.3 1 0
github.com/gidyon/mpesapayments/internal/stk/stk.go:612.21,613.48 1 1
github.com/gidyon/mpesapayments/internal/stk/stk.go:614.30,615.46 1 1
github.com/gidyon/mpesapayments/internal/stk/stk.go:616.32,617.48 1 0
github.com/gidyon/mpesapayments/internal/stk/stk.go:624.16,626.3 1 0
github.com/gidyon/mpesapayments/internal/stk/stk.go:632.52,634.30 1 0
github.com/gidyon/mpesapayments/internal/stk/stk.go:640.30,642.17 2 1
github.com/gidyon/mpesapayments/internal/stk/stk.go:645.43,647.30 1 0
github.com/gidyon/mpesapayments/internal/stk/stk.go:653.41,655.29 1 0
github.com/gidyon/mpesapayments/internal/stk/stk.go:634.30,636.18 2 0
github.com/gidyon/mpesapayments/internal/stk/stk.go:636.18,638.5 1 0
github.com/gidyon/mpesapayments/internal/stk/stk.go:642.17,644.4 1 0
github.com/gidyon/mpesapayments/internal/stk/stk.go:647.30,649.18 2 0
github.com/gidyon/mpesapayments/internal/stk/stk.go:649.18,651.5 1 0
github.com/gidyon/mpesapayments/internal/stk/stk.go:655.29,657.18 2 0
github.com/gidyon/mpesapayments/internal/stk/stk.go:657.18,659.5 1 0
github.com/gidyon/mpesapayments/internal/stk/stk.go:668.25,671.16 2 2
github.com/gidyon/mpesapayments/internal/stk/stk.go:676.2,676.9 1 2
github.com/gidyon/mpesapayments/internal/stk/stk.go:681.2,682.34 2 1
github.com/gidyon/mpesapayments/internal/stk/stk.go:688.2,688.107 1 1
github.com/gidyon/mpesapayments/internal/stk/stk.go:723.2,723.28 1 1
github.com/gidyon/mpesapayments/internal/stk/stk.go:671.16,673.3 1 0
github.com/gidyon/mpesapayments/internal/stk/stk.go:677.21,678.52 1 1
github.com/gidyon/mpesapayments/internal/stk/stk.go:682.34,684.3 1 1
github.com/gidyon/mpesapayments/internal/stk/stk.go:684.8,686.3 1 0
github.com/gidyon/mpesapayments/internal/stk/stk.go:688.107,695.22 2 0
github.com/gidyon/mpesapayments/internal/stk/stk.go:695.22,705.18 2 0
github.com/gidyon/mpesapayments/internal/stk/stk.go:708.4,708.35 1 0
github.com/gidyon/mpesapayments/internal/stk/stk.go:711.4,714.48 2 0
github.com/gidyon/mpesapayments/internal/stk/stk.go:705.18,707.5 1 0
github.com/gidyon/mpesapayments/internal/stk/stk.go:708.35,710.5 1 0
github.com/gidyon/mpesapayments/internal/stk/stk.go:714.48,716.19 2 0
github.com/gidyon/mpesapayments/internal/stk/stk.go:716.19,718.6 1 0
github.com/gidyon/mpesapayments/internal/stk/worker.go:18.93,20.6 2 1
github.com/gidyon/mpesapayments/internal/stk/worker.go:20.6,22.17 2 1
github.com/gidyon/mpesapayments/internal/stk/worker.go:27.3,27.10 1 1
github.com/gidyon/mpesapayments/internal/stk/worker.go:22.17,24.4 1 0
github.com/gidyon/mpesapayments/internal/stk/worker.go:24.9,26.4 1 1
github.com/gidyon/mpesapayments/internal/stk/worker.go:28.21,29.10 1 0
github.com/gidyon/mpesapayments/internal/stk/worker.go:30.26,30.26 0 0
github.com/gidyon/mpesapayments/internal/stk/worker.go:35.55,37.16 2 1
github.com/gidyon/mpesapayments/internal/stk/worker.go:41.2,44.43 3 1
github.com/gidyon/mpesapayments/internal/stk/worker.go:48.2,50.43 3 1
github.com/gidyon/mpesapayments/internal/stk/worker.go:54.2,56.12 2 1
github.com/gidyon/mpesapayments/internal/stk/worker.go:37.16,39.3 1 0
github.com/gidyon/mpesapayments/internal/stk/worker.go:44.43,46.3 1 0
github.com/gidyon/mpesapayments/internal/stk/worker.go:50.43,52.3 1 0
github.com/gidyon/mpesapayments/internal/stk/worker.go:59.76,63.6 3 1
github.com/gidyon/mpesapayments/internal/stk/worker.go:63.6,64.10 1 1
github.com/gidyon/mpesapayments/internal/stk/worker.go:65.21,66.10 1 0
github.com/gidyon/mpesapayments/internal/stk/worker.go:67.19,69.11 2 0
github.com/gidyon/mpesapayments/internal/stk/worker.go:70.46,70.46 0 0
github.com/gidyon/mpesapayments/internal/stk/worker.go:71.84,71.84 0 0
github.com/gidyon/mpesapayments/internal/stk/worker.go:72.12,73.64 1 0
github.com/gidyon/mpesapayments/internal/stk/worker.go:79.52,86.15 4 0
github.com/gidyon/mpesapayments/internal/stk/worker.go:92.2,92.6 1 0
github.com/gidyon/mpesapayments/internal/stk/worker.go:86.15,87.16 1 0
github.com/gidyon/mpesapayments/internal/stk/worker.go:87.16,89.4 1 0
github.com/gidyon/mpesapayments/internal/stk/worker.go:92.6,93.10 1 0
github.com/gidyon/mpesapayments/internal/stk/worker.go:94.21,95.20 1 0
github.com/gidyon/mpesapayments/internal/stk/worker.go:96.11,98.11 2 0
github.com/gidyon/mpesapayments/internal/stk/worker.go:111.4,113.18 3 0
github.com/gidyon/mpesapayments/internal/stk/worker.go:119.4,120.18 2 0
github.com/gidyon/mpesapayments/internal/stk/worker.go:125.4,126.18 2 0
github.com/gidyon/mpesapayments/internal/stk/worker.go:132.4,133.11 2 0
github.com/gidyon/mpesapayments/internal/stk/worker.go:99.20,99.20 0 0
github.com/gidyon/mpesapayments/internal/stk/worker.go:100.35,100.35 0 0
github.com/gidyon/mpesapayments/internal/stk/worker.go:101.12,102.19 1 0
github.com/gidyon/mpesapayments/internal/stk/worker.go:105.5,105.18 1 0
github.com/gidyon/mpesapayments/internal/stk/worker.go:102.19,104.6 1 0
github.com/gidyon/mpesapayments/internal/stk/worker.go:105.18,107.6 1 0
github.com/gidyon/mpesapayments/internal/stk/worker.go:113.18,115.13 2 0
github.com/gidyon/mpesapayments/internal/stk/worker.go:120.18,122.13 2 0
github.com/gidyon/mpesapayments/internal/stk/worker.go:126.18,128.13 2 0
github.com/gidyon/mpesapayments/internal/stk/worker.go:134.20,135.12 1 0
github.com/gidyon/mpesapayments/internal/stk/worker.go:136.69,138.13 2 0
github.com/gidyon/mpesapayments/internal/stk/worker.go:139.12,141.13 2 0
github.com/gidyon/mpesapayments/internal/stk/model.go:31.39,33.2 1 1
github.com/gidyon/mpesapayments/internal/stk/model.go:36.73,37.25 1 105
github.com/gidyon/mpesapayments/internal/stk/model.go:41.2,54.26 2 105
github.com/gidyon/mpesapayments/internal/stk/model.go:37.25,39.3 1 0
github.com/gidyon/mpesapayments/internal/stk/model.go:58.73,59.25 1 4
github.com/gidyon/mpesapayments/internal/stk/model.go:63.2,77.21 2 4
github.com/gidyon/mpesapayments/internal/stk/model.go:59.25,61.3 1 0
