mode: atomic
github.com/gidyon/mpesapayments/internal/mpesapayment/worker.go:15.80,19.6 3 1
github.com/gidyon/mpesapayments/internal/mpesapayment/worker.go:19.6,20.10 1 1
github.com/gidyon/mpesapayments/internal/mpesapayment/worker.go:21.21,22.10 1 0
github.com/gidyon/mpesapayments/internal/mpesapayment/worker.go:23.19,25.11 2 1
github.com/gidyon/mpesapayments/internal/mpesapayment/worker.go:26.46,26.46 0 0
github.com/gidyon/mpesapayments/internal/mpesapayment/worker.go:27.84,27.84 0 0
github.com/gidyon/mpesapayments/internal/mpesapayment/worker.go:28.12,29.66 1 0
github.com/gidyon/mpesapayments/internal/mpesapayment/worker.go:35.64,42.15 4 1
github.com/gidyon/mpesapayments/internal/mpesapayment/worker.go:46.2,46.6 1 1
github.com/gidyon/mpesapayments/internal/mpesapayment/worker.go:42.15,44.3 1 0
github.com/gidyon/mpesapayments/internal/mpesapayment/worker.go:46.6,47.10 1 1
github.com/gidyon/mpesapayments/internal/mpesapayment/worker.go:48.21,49.20 1 0
github.com/gidyon/mpesapayments/internal/mpesapayment/worker.go:50.11,52.11 2 1
github.com/gidyon/mpesapayments/internal/mpesapayment/worker.go:65.4,67.18 3 0
github.com/gidyon/mpesapayments/internal/mpesapayment/worker.go:73.4,74.18 2 0
github.com/gidyon/mpesapayments/internal/mpesapayment/worker.go:79.4,80.18 2 0
github.com/gidyon/mpesapayments/internal/mpesapayment/worker.go:86.4,87.11 2 0
github.com/gidyon/mpesapayments/internal/mpesapayment/worker.go:53.20,53.20 0 0
github.com/gidyon/mpesapayments/internal/mpesapayment/worker.go:54.35,54.35 0 0
github.com/gidyon/mpesapayments/internal/mpesapayment/worker.go:55.12,56.19 1 0
github.com/gidyon/mpesapayments/internal/mpesapayment/worker.go:59.5,59.18 1 0
github.com/gidyon/mpesapayments/internal/mpesapayment/worker.go:56.19,58.6 1 0
github.com/gidyon/mpesapayments/internal/mpesapayment/worker.go:59.18,61.6 1 0
github.com/gidyon/mpesapayments/internal/mpesapayment/worker.go:67.18,69.13 2 0
github.com/gidyon/mpesapayments/internal/mpesapayment/worker.go:74.18,76.13 2 0
github.com/gidyon/mpesapayments/internal/mpesapayment/worker.go:80.18,82.13 2 0
github.com/gidyon/mpesapayments/internal/mpesapayment/worker.go:88.20,90.13 2 0
github.com/gidyon/mpesapayments/internal/mpesapayment/worker.go:91.69,93.13 2 0
github.com/gidyon/mpesapayments/internal/mpesapayment/worker.go:94.12,96.13 2 0
github.com/gidyon/mpesapayments/internal/mpesapayment/model.go:29.41,31.2 1 1
github.com/gidyon/mpesapayments/internal/mpesapayment/model.go:34.76,35.20 1 105
github.com/gidyon/mpesapayments/internal/mpesapayment/model.go:39.2,52.21 2 105
github.com/gidyon/mpesapayments/internal/mpesapayment/model.go:35.20,37.3 1 0
github.com/gidyon/mpesapayments/internal/mpesapayment/model.go:56.76,57.20 1 110
github.com/gidyon/mpesapayments/internal/mpesapayment/model.go:61.2,75.21 2 110
github.com/gidyon/mpesapayments/internal/mpesapayment/model.go:57.20,59.3 1 0
github.com/gidyon/mpesapayments/internal/mpesapayment/mpesa.go:41.103,44.9 2 9
github.com/gidyon/mpesapayments/internal/mpesapayment/mpesa.go:55.2,56.16 2 1
github.com/gidyon/mpesapayments/internal/mpesapayment/mpesa.go:61.2,62.16 2 1
github.com/gidyon/mpesapayments/internal/mpesapayment/mpesa.go:66.2,73.56 2 1
github.com/gidyon/mpesapayments/internal/mpesapayment/mpesa.go:80.2,81.28 2 1
github.com/gidyon/mpesapayments/internal/mpesapayment/mpesa.go:86.2,88.22 2 1
github.com/gidyon/mpesapayments/internal/mpesapayment/mpesa.go:45.18,46.40 1 1
github.com/gidyon/mpesapayments/internal/mpesapayment/mpesa.go:47.10,49.17 2 8
github.com/gidyon/mpesapayments/internal/mpesapayment/mpesa.go:49.17,51.4 1 7
github.com/gidyon/mpesapayments/internal/mpesapayment/mpesa.go:56.16,58.3 1 0
github.com/gidyon/mpesapayments/internal/mpesapayment/mpesa.go:62.16,64.3 1 0
github.com/gidyon/mpesapayments/internal/mpesapayment/mpesa.go:73.56,75.17 2 0
github.com/gidyon/mpesapayments/internal/mpesapayment/mpesa.go:75.17,77.4 1 0
github.com/gidyon/mpesapayments/internal/mpesapayment/mpesa.go:81.28,83.3 1 1
github.com/gidyon/mpesapayments/internal/mpesapayment/mpesa.go:92.69,94.9 2 111
github.com/gidyon/mpesapayments/internal/mpesapayment/mpesa.go:110.2,110.12 1 111
github.com/gidyon/mpesapayments/internal/mpesapayment/mpesa.go:95.22,96.40 1 1
github.com/gidyon/mpesapayments/internal/mpesapayment/mpesa.go:97.70,98.49 1 1
github.com/gidyon/mpesapayments/internal/mpesapayment/mpesa.go:99.65,100.44 1 0
github.com/gidyon/mpesapayments/internal/mpesapayment/mpesa.go:101.53,102.36 1 1
github.com/gidyon/mpesapayments/internal/mpesapayment/mpesa.go:103.28,104.46 1 1
github.com/gidyon/mpesapayments/internal/mpesapayment/mpesa.go:105.29,106.48 1 1
github.com/gidyon/mpesapayments/internal/mpesapayment/mpesa.go:107.32,108.46 1 1
github.com/gidyon/mpesapayments/internal/mpesapayment/mpesa.go:115.53,118.16 2 112
github.com/gidyon/mpesapayments/internal/mpesapayment/mpesa.go:123.2,123.9 1 112
github.com/gidyon/mpesapayments/internal/mpesapayment/mpesa.go:133.2,134.16 2 105
github.com/gidyon/mpesapayments/internal/mpesapayment/mpesa.go:139.2,140.9 2 105
github.com/gidyon/mpesapayments/internal/mpesapayment/mpesa.go:149.2,151.8 1 104
github.com/gidyon/mpesapayments/internal/mpesapayment/mpesa.go:118.16,120.3 1 0
github.com/gidyon/mpesapayments/internal/mpesapayment/mpesa.go:124.24,125.58 1 1
github.com/gidyon/mpesapayments/internal/mpesapayment/mpesa.go:126.10,128.17 2 111
github.com/gidyon/mpesapayments/internal/mpesapayment/mpesa.go:128.17,130.4 1 6
github.com/gidyon/mpesapayments/internal/mpesapayment/mpesa.go:134.16,136.3 1 0
github.com/gidyon/mpesapayments/internal/mpesapayment/mpesa.go:141.18,141.18 0 104
github.com/gidyon/mpesapayments/internal/mpesapayment/mpesa.go:142.67,144.57 2 1
github.com/gidyon/mpesapayments/internal/mpesapayment/mpesa.go:145.10,146.54 1 0
github.com/gidyon/mpesapayments/internal/mpesapayment/mpesa.go:156.39,159.16 2 8
github.com/gidyon/mpesapayments/internal/mpesapayment/mpesa.go:164.2,165.9 2 8
github.com/gidyon/mpesapayments/internal/mpesapayment/mpesa.go:177.2,180.9 3 5
github.com/gidyon/mpesapayments/internal/mpesapayment/mpesa.go:186.2,186.28 1 4
github.com/gidyon/mpesapayments/internal/mpesapayment/mpesa.go:159.16,161.3 1 0
github.com/gidyon/mpesapayments/internal/mpesapayment/mpesa.go:166.21,167.55 1 1
github.com/gidyon/mpesapayments/internal/mpesapayment/mpesa.go:168.30,169.46 1 1
github.com/gidyon/mpesapayments/internal/mpesapayment/mpesa.go:170.10,172.17 2 6
github.com/gidyon/mpesapayments/internal/mpesapayment/mpesa.go:172.17,174.4 1 1
github.com/gidyon/mpesapayments/internal/mpesapayment/mpesa.go:181.18,181.18 0 4
github.com/gidyon/mpesapayments/internal/mpesapayment/mpesa.go:182.46,183.67 1 1
github.com/gidyon/mpesapayments/internal/mpesapayment/mpesa.go:191.46,193.2 1 12
github.com/gidyon/mpesapayments/internal/mpesapayment/mpesa.go:195.49,197.2 1 12
github.com/gidyon/mpesapayments/internal/mpesapayment/mpesa.go:201.52,204.16 2 9
github.com/gidyon/mpesapayments/internal/mpesapayment/mpesa.go:209.2,209.9 1 9
github.com/gidyon/mpesapayments/internal/mpesapayment/mpesa.go:215.2,216.46 2 8
github.com/gidyon/mpesapayments/internal/mpesapayment/mpesa.go:220.2,221.46 2 8
github.com/gidyon/mpesapayments/internal/mpesapayment/mpesa.go:225.2,226.49 2 8
github.com/gidyon/mpesapayments/internal/mpesapayment/mpesa.go:230.2,233.21 3 8
github.com/gidyon/mpesapayments/internal/mpesapayment/mpesa.go:241.2,245.27 3 8
github.com/gidyon/mpesapayments/internal/mpesapayment/mpesa.go:249.2,249.28 1 8
github.com/gidyon/mpesapayments/internal/mpesapayment/mpesa.go:254.2,254.20 1 8
github.com/gidyon/mpesapayments/internal/mpesapayment/mpesa.go:259.2,259.27 1 8
github.com/gidyon/mpesapayments/internal/mpesapayment/mpesa.go:288.2,289.9 2 7
github.com/gidyon/mpesapayments/internal/mpesapayment/mpesa.go:295.2,297.49 2 7
github.com/gidyon/mpesapayments/internal/mpesapayment/mpesa.go:306.2,307.41 2 7
github.com/gidyon/mpesapayments/internal/mpesapayment/mpesa.go:315.2,318.8 1 7
github.com/gidyon/mpesapayments/internal/mpesapayment/mpesa.go:204.16,206.3 1 0
github.com/gidyon/mpesapayments/internal/mpesapayment/mpesa.go:210.22,211.45 1 1
github.com/gidyon/mpesapayments/internal/mpesapayment/mpesa.go:216.46,218.3 1 0
github.com/gidyon/mpesapayments/internal/mpesapayment/mpesa.go:221.46,223.3 1 0
github.com/gidyon/mpesapayments/internal/mpesapayment/mpesa.go:226.49,228.3 1 0
github.com/gidyon/mpesapayments/internal/mpesapayment/mpesa.go:233.21,235.17 2 5
github.com/gidyon/mpesapayments/internal/mpesapayment/mpesa.go:238.3,238.27 1 5
github.com/gidyon/mpesapayments/internal/mpesapayment/mpesa.go:235.17,237.4 1 0
github.com/gidyon/mpesapayments/internal/mpesapayment/mpesa.go:245.27,247.3 1 0
github.com/gidyon/mpesapayments/internal/mpesapayment/mpesa.go:249.28,251.3 1 0
github.com/gidyon/mpesapayments/internal/mpesapayment/mpesa.go:254.20,256.3 1 5
github.com/gidyon/mpesapayments/internal/mpesapayment/mpesa.go:259.27,260.34 1 8
github.com/gidyon/mpesapayments/internal/mpesapayment/mpesa.go:267.3,267.38 1 7
github.com/gidyon/mpesapayments/internal/mpesapayment/mpesa.go:272.3,272.45 1 7
github.com/gidyon/mpesapayments/internal/mpesapayment/mpesa.go:277.3,277.91 1 7
github.com/gidyon/mpesapayments/internal/mpesapayment/mpesa.go:260.34,262.18 2 2
github.com/gidyon/mpesapayments/internal/mpesapayment/mpesa.go:265.4,265.87 1 1
github.com/gidyon/mpesapayments/internal/mpesapayment/mpesa.go:262.18,264.5 1 1
github.com/gidyon/mpesapayments/internal/mpesapayment/mpesa.go:267.38,268.42 1 1
github.com/gidyon/mpesapayments/internal/mpesapayment/mpesa.go:268.42,270.5 1 1
github.com/gidyon/mpesapayments/internal/mpesapayment/mpesa.go:272.45,273.42 1 1
github.com/gidyon/mpesapayments/internal/mpesapayment/mpesa.go:273.42,275.5 1 1
github.com/gidyon/mpesapayments/internal/mpesapayment/mpesa.go:277.91,278.39 1 0
github.com/gidyon/mpesapayments/internal/mpesapayment/mpesa.go:279.41,279.41 0 0
github.com/gidyon/mpesapayments/internal/mpesapayment/mpesa.go:280.54,281.37 1 0
github.com/gidyon/mpesapayments/internal/mpesapayment/mpesa.go:282.52,283.36 1 0
github.com/gidyon/mpesapayments/internal/mpesapayment/mpesa.go:290.18,290.18 0 7
github.com/gidyon/mpesapayments/internal/mpesapayment/mpesa.go:291.10,292.54 1 0
github.com/gidyon/mpesapayments/internal/mpesapayment/mpesa.go:297.49,299.17 2 106
github.com/gidyon/mpesapayments/internal/mpesapayment/mpesa.go:302.3,303.41 2 106
github.com/gidyon/mpesapayments/internal/mpesapayment/mpesa.go:299.17,301.4 1 0
github.com/gidyon/mpesapayments/internal/mpesapayment/mpesa.go:307.41,310.17 2 5
github.com/gidyon/mpesapayments/internal/mpesapayment/mpesa.go:310.17,312.4 1 0
github.com/gidyon/mpesapayments/internal/mpesapayment/mpesa.go:321.50,328.16 3 2
github.com/gidyon/mpesapayments/internal/mpesapayment/mpesa.go:332.2,332.16 1 1
github.com/gidyon/mpesapayments/internal/mpesapayment/mpesa.go:328.16,330.3 1 1
github.com/gidyon/mpesapayments/internal/mpesapayment/mpesa.go:337.25,340.16 2 4
github.com/gidyon/mpesapayments/internal/mpesapayment/mpesa.go:345.2,345.9 1 4
github.com/gidyon/mpesapayments/internal/mpesapayment/mpesa.go:355.2,357.45 2 1
github.com/gidyon/mpesapayments/internal/mpesapayment/mpesa.go:366.2,368.42 2 1
github.com/gidyon/mpesapayments/internal/mpesapayment/mpesa.go:376.2,376.28 1 1
github.com/gidyon/mpesapayments/internal/mpesapayment/mpesa.go:340.16,342.3 1 0
github.com/gidyon/mpesapayments/internal/mpesapayment/mpesa.go:346.21,347.49 1 1
github.com/gidyon/mpesapayments/internal/mpesapayment/mpesa.go:348.27,349.43 1 1
github.com/gidyon/mpesapayments/internal/mpesapayment/mpesa.go:350.28,351.39 1 1
github.com/gidyon/mpesapayments/internal/mpesapayment/mpesa.go:357.45,360.17 2 1
github.com/gidyon/mpesapayments/internal/mpesapayment/mpesa.go:360.17,362.4 1 0
github.com/gidyon/mpesapayments/internal/mpesapayment/mpesa.go:368.42,371.17 2 1
github.com/gidyon/mpesapayments/internal/mpesapayment/mpesa.go:371.17,373.4 1 0
github.com/gidyon/mpesapayments/internal/mpesapayment/mpesa.go:381.44,384.16 2 3
github.com/gidyon/mpesapayments/internal/mpesapayment/mpesa.go:389.2,389.9 1 3
github.com/gidyon/mpesapayments/internal/mpesapayment/mpesa.go:397.2,398.46 2 2
github.com/gidyon/mpesapayments/internal/mpesapayment/mpesa.go:403.2,404.46 2 2
github.com/gidyon/mpesapayments/internal/mpesapayment/mpesa.go:408.2,413.8 1 2
github.com/gidyon/mpesapayments/internal/mpesapayment/mpesa.go:384.16,386.3 1 0
github.com/gidyon/mpesapayments/internal/mpesapayment/mpesa.go:390.21,391.45 1 1
github.com/gidyon/mpesapayments/internal/mpesapayment/mpesa.go:392.27,393.43 1 0
github.com/gidyon/mpesapayments/internal/mpesapayment/mpesa.go:398.46,400.3 1 0
github.com/gidyon/mpesapayments/internal/mpesapayment/mpesa.go:404.46,406.3 1 0
github.com/gidyon/mpesapayments/internal/mpesapayment/mpesa.go:418.25,421.16 2 3
github.com/gidyon/mpesapayments/internal/mpesapayment/mpesa.go:426.2,426.9 1 3
github.com/gidyon/mpesapayments/internal/mpesapayment/mpesa.go:434.2,437.16 2 1
github.com/gidyon/mpesapayments/internal/mpesapayment/mpesa.go:442.2,442.37 1 1
github.com/gidyon/mpesapayments/internal/mpesapayment/mpesa.go:451.2,451.28 1 1
github.com/gidyon/mpesapayments/internal/mpesapayment/mpesa.go:421.16,423.3 1 0
github.com/gidyon/mpesapayments/internal/mpesapayment/mpesa.go:427.25,428.48 1 1
github.com/gidyon/mpesapayments/internal/mpesapayment/mpesa.go:429.34,430.46 1 1
github.com/gidyon/mpesapayments/internal/mpesapayment/mpesa.go:437.16,439.3 1 0
github.com/gidyon/mpesapayments/internal/mpesapayment/mpesa.go:442.37,444.10 2 1
github.com/gidyon/mpesapayments/internal/mpesapayment/mpesa.go:445.19,445.19 0 1
github.com/gidyon/mpesapayments/internal/mpesapayment/mpesa.go:446.11,447.57 1 0
github.com/gidyon/mpesapayments/internal/mpesapayment/mpesa.go:456.25,459.16 2 3
github.com/gidyon/mpesapayments/internal/mpesapayment/mpesa.go:464.2,464.9 1 3
github.com/gidyon/mpesapayments/internal/mpesapayment/mpesa.go:474.2,477.16 2 1
github.com/gidyon/mpesapayments/internal/mpesapayment/mpesa.go:481.2,484.31 2 1
github.com/gidyon/mpesapayments/internal/mpesapayment/mpesa.go:516.2,516.28 1 1
github.com/gidyon/mpesapayments/internal/mpesapayment/mpesa.go:459.16,461.3 1 0
github.com/gidyon/mpesapayments/internal/mpesapayment/mpesa.go:465.21,466.48 1 1
github.com/gidyon/mpesapayments/internal/mpesapayment/mpesa.go:467.30,468.46 1 1
github.com/gidyon/mpesapayments/internal/mpesapayment/mpesa.go:469.32,470.48 1 0
github.com/gidyon/mpesapayments/internal/mpesapayment/mpesa.go:477.16,479.3 1 0
github.com/gidyon/mpesapayments/internal/mpesapayment/mpesa.go:485.61,487.30 1 0
github.com/gidyon/mpesapayments/internal/mpesapayment/mpesa.go:493.39,495.17 2 1
github.com/gidyon/mpesapayments/internal/mpesapayment/mpesa.go:498.52,500.30 1 0
github.com/gidyon/mpesapayments/internal/mpesapayment/mpesa.go:506.50,508.29 1 0
github.com/gidyon/mpesapayments/internal/mpesapayment/mpesa.go:487.30,489.18 2 0
github.com/gidyon/mpesapayments/internal/mpesapayment/mpesa.go:489.18,491.5 1 0
github.com/gidyon/mpesapayments/internal/mpesapayment/mpesa.go:495.17,497.4 1 0
github.com/gidyon/mpesapayments/internal/mpesapayment/mpesa.go:500.30,502.18 2 0
github.com/gidyon/mpesapayments/internal/mpesapayment/mpesa.go:502.18,504.5 1 0
github.com/gidyon/mpesapayments/internal/mpesapayment/mpesa.go:508.29,510.18 2 0
github.com/gidyon/mpesapayments/internal/mpesapayment/mpesa.go:510.18,512.5 1 0
github.com/gidyon/mpesapayments/internal/mpesapayment/mpesa.go:521.25,524.16 2 2
github.com/gidyon/mpesapayments/internal/mpesapayment/mpesa.go:529.2,529.9 1 2
github.com/gidyon/mpesapayments/internal/mpesapayment/mpesa.go:534.2,535.34 2 1
github.com/gidyon/mpesapayments/internal/mpesapayment/mpesa.go:541.2,541.107 1 1
github.com/gidyon/mpesapayments/internal/mpesapayment/mpesa.go:576.2,576.28 1 1
github.com/gidyon/mpesapayments/internal/mpesapayment/mpesa.go:524.16,526.3 1 0
github.com/gidyon/mpesapayments/internal/mpesapayment/mpesa.go:530.21,531.52 1 1
github.com/gidyon/mpesapayments/internal/mpesapayment/mpesa.go:535.34,537.3 1 1
github.com/gidyon/mpesapayments/internal/mpesapayment/mpesa.go:537.8,539.3 1 0
github.com/gidyon/mpesapayments/internal/mpesapayment/mpesa.go:541.107,548.22 2 0
github.com/gidyon/mpesapayments/internal/mpesapayment/mpesa.go:548.22,558.18 2 0
github.com/gidyon/mpesapayments/internal/mpesapayment/mpesa.go:561.4,561.35 1 0
github.com/gidyon/mpesapayments/internal/mpesapayment/mpesa.go:564.4,567.50 2 0
github.com/gidyon/mpesapayments/internal/mpesapayment/mpesa.go:558.18,560.5 1 0
github.com/gidyon/mpesapayments/internal/mpesapayment/mpesa.go:561.35,563.5 1 0
github.com/gidyon/mpesapayments/internal/mpesapayment/mpesa.go:567.50,569.19 2 0
github.com/gidyon/mpesapayments/internal/mpesapayment/mpesa.go:569.19,571.6 1 0
