mode: atomic
github.com/gidyon/mpesapayments/internal/mpesapayment/model.go:29.34,31.2 1 1
github.com/gidyon/mpesapayments/internal/mpesapayment/model.go:34.69,35.20 1 102
github.com/gidyon/mpesapayments/internal/mpesapayment/model.go:39.2,52.21 2 102
github.com/gidyon/mpesapayments/internal/mpesapayment/model.go:35.20,37.3 1 0
github.com/gidyon/mpesapayments/internal/mpesapayment/model.go:56.69,57.20 1 101
github.com/gidyon/mpesapayments/internal/mpesapayment/model.go:61.2,75.21 2 101
github.com/gidyon/mpesapayments/internal/mpesapayment/model.go:57.20,59.3 1 0
github.com/gidyon/mpesapayments/internal/mpesapayment/mpesa.go:73.99,76.9 2 18
github.com/gidyon/mpesapayments/internal/mpesapayment/mpesa.go:112.2,112.16 1 18
github.com/gidyon/mpesapayments/internal/mpesapayment/mpesa.go:116.2,122.16 3 1
github.com/gidyon/mpesapayments/internal/mpesapayment/mpesa.go:127.2,128.16 2 1
github.com/gidyon/mpesapayments/internal/mpesapayment/mpesa.go:132.2,155.54 2 1
github.com/gidyon/mpesapayments/internal/mpesapayment/mpesa.go:162.2,162.22 1 1
github.com/gidyon/mpesapayments/internal/mpesapayment/mpesa.go:77.18,78.34 1 1
github.com/gidyon/mpesapayments/internal/mpesapayment/mpesa.go:79.18,80.34 1 1
github.com/gidyon/mpesapayments/internal/mpesapayment/mpesa.go:81.24,82.33 1 1
github.com/gidyon/mpesapayments/internal/mpesapayment/mpesa.go:83.26,84.35 1 1
github.com/gidyon/mpesapayments/internal/mpesapayment/mpesa.go:85.25,86.33 1 1
github.com/gidyon/mpesapayments/internal/mpesapayment/mpesa.go:87.29,88.38 1 1
github.com/gidyon/mpesapayments/internal/mpesapayment/mpesa.go:89.32,90.45 1 1
github.com/gidyon/mpesapayments/internal/mpesapayment/mpesa.go:91.29,92.44 1 1
github.com/gidyon/mpesapayments/internal/mpesapayment/mpesa.go:93.43,94.46 1 1
github.com/gidyon/mpesapayments/internal/mpesapayment/mpesa.go:95.40,96.42 1 1
github.com/gidyon/mpesapayments/internal/mpesapayment/mpesa.go:97.43,98.45 1 1
github.com/gidyon/mpesapayments/internal/mpesapayment/mpesa.go:99.46,100.49 1 1
github.com/gidyon/mpesapayments/internal/mpesapayment/mpesa.go:101.45,102.47 1 1
github.com/gidyon/mpesapayments/internal/mpesapayment/mpesa.go:103.38,104.39 1 1
github.com/gidyon/mpesapayments/internal/mpesapayment/mpesa.go:105.37,106.38 1 1
github.com/gidyon/mpesapayments/internal/mpesapayment/mpesa.go:107.40,108.42 1 1
github.com/gidyon/mpesapayments/internal/mpesapayment/mpesa.go:109.36,110.44 1 1
github.com/gidyon/mpesapayments/internal/mpesapayment/mpesa.go:112.16,114.3 1 17
github.com/gidyon/mpesapayments/internal/mpesapayment/mpesa.go:122.16,124.3 1 0
github.com/gidyon/mpesapayments/internal/mpesapayment/mpesa.go:128.16,130.3 1 0
github.com/gidyon/mpesapayments/internal/mpesapayment/mpesa.go:155.54,157.17 2 0
github.com/gidyon/mpesapayments/internal/mpesapayment/mpesa.go:157.17,159.4 1 0
github.com/gidyon/mpesapayments/internal/mpesapayment/mpesa.go:166.69,168.9 2 108
github.com/gidyon/mpesapayments/internal/mpesapayment/mpesa.go:182.2,182.12 1 108
github.com/gidyon/mpesapayments/internal/mpesapayment/mpesa.go:169.22,170.40 1 1
github.com/gidyon/mpesapayments/internal/mpesapayment/mpesa.go:171.70,172.49 1 1
github.com/gidyon/mpesapayments/internal/mpesapayment/mpesa.go:173.53,174.36 1 1
github.com/gidyon/mpesapayments/internal/mpesapayment/mpesa.go:175.28,176.46 1 1
github.com/gidyon/mpesapayments/internal/mpesapayment/mpesa.go:177.29,178.48 1 1
github.com/gidyon/mpesapayments/internal/mpesapayment/mpesa.go:179.32,180.46 1 1
github.com/gidyon/mpesapayments/internal/mpesapayment/mpesa.go:187.53,190.16 2 109
github.com/gidyon/mpesapayments/internal/mpesapayment/mpesa.go:195.2,195.9 1 109
github.com/gidyon/mpesapayments/internal/mpesapayment/mpesa.go:205.2,206.16 2 102
github.com/gidyon/mpesapayments/internal/mpesapayment/mpesa.go:211.2,212.16 2 102
github.com/gidyon/mpesapayments/internal/mpesapayment/mpesa.go:216.2,218.8 1 102
github.com/gidyon/mpesapayments/internal/mpesapayment/mpesa.go:190.16,192.3 1 0
github.com/gidyon/mpesapayments/internal/mpesapayment/mpesa.go:196.24,197.58 1 1
github.com/gidyon/mpesapayments/internal/mpesapayment/mpesa.go:198.10,200.17 2 108
github.com/gidyon/mpesapayments/internal/mpesapayment/mpesa.go:200.17,202.4 1 6
github.com/gidyon/mpesapayments/internal/mpesapayment/mpesa.go:206.16,208.3 1 0
github.com/gidyon/mpesapayments/internal/mpesapayment/mpesa.go:212.16,214.3 1 0
github.com/gidyon/mpesapayments/internal/mpesapayment/mpesa.go:223.39,226.16 2 5
github.com/gidyon/mpesapayments/internal/mpesapayment/mpesa.go:231.2,232.9 2 5
github.com/gidyon/mpesapayments/internal/mpesapayment/mpesa.go:244.2,247.9 3 2
github.com/gidyon/mpesapayments/internal/mpesapayment/mpesa.go:253.2,253.28 1 1
github.com/gidyon/mpesapayments/internal/mpesapayment/mpesa.go:226.16,228.3 1 0
github.com/gidyon/mpesapayments/internal/mpesapayment/mpesa.go:233.21,234.55 1 1
github.com/gidyon/mpesapayments/internal/mpesapayment/mpesa.go:235.30,236.46 1 1
github.com/gidyon/mpesapayments/internal/mpesapayment/mpesa.go:237.10,239.17 2 3
github.com/gidyon/mpesapayments/internal/mpesapayment/mpesa.go:239.17,241.4 1 1
github.com/gidyon/mpesapayments/internal/mpesapayment/mpesa.go:248.18,248.18 0 1
github.com/gidyon/mpesapayments/internal/mpesapayment/mpesa.go:249.46,250.67 1 1
github.com/gidyon/mpesapayments/internal/mpesapayment/mpesa.go:258.46,260.2 1 11
github.com/gidyon/mpesapayments/internal/mpesapayment/mpesa.go:262.49,264.2 1 11
github.com/gidyon/mpesapayments/internal/mpesapayment/mpesa.go:268.52,271.16 2 9
github.com/gidyon/mpesapayments/internal/mpesapayment/mpesa.go:275.2,275.9 1 9
github.com/gidyon/mpesapayments/internal/mpesapayment/mpesa.go:281.2,282.46 2 8
github.com/gidyon/mpesapayments/internal/mpesapayment/mpesa.go:286.2,287.46 2 8
github.com/gidyon/mpesapayments/internal/mpesapayment/mpesa.go:291.2,292.49 2 8
github.com/gidyon/mpesapayments/internal/mpesapayment/mpesa.go:296.2,299.21 3 8
github.com/gidyon/mpesapayments/internal/mpesapayment/mpesa.go:307.2,311.27 3 8
github.com/gidyon/mpesapayments/internal/mpesapayment/mpesa.go:315.2,315.28 1 8
github.com/gidyon/mpesapayments/internal/mpesapayment/mpesa.go:320.2,320.20 1 8
github.com/gidyon/mpesapayments/internal/mpesapayment/mpesa.go:324.2,324.27 1 8
github.com/gidyon/mpesapayments/internal/mpesapayment/mpesa.go:339.2,340.9 2 7
github.com/gidyon/mpesapayments/internal/mpesapayment/mpesa.go:346.2,348.54 2 7
github.com/gidyon/mpesapayments/internal/mpesapayment/mpesa.go:357.2,358.46 2 7
github.com/gidyon/mpesapayments/internal/mpesapayment/mpesa.go:366.2,369.8 1 7
github.com/gidyon/mpesapayments/internal/mpesapayment/mpesa.go:271.16,273.3 1 0
github.com/gidyon/mpesapayments/internal/mpesapayment/mpesa.go:276.22,277.45 1 1
github.com/gidyon/mpesapayments/internal/mpesapayment/mpesa.go:282.46,284.3 1 0
github.com/gidyon/mpesapayments/internal/mpesapayment/mpesa.go:287.46,289.3 1 0
github.com/gidyon/mpesapayments/internal/mpesapayment/mpesa.go:292.49,294.3 1 0
github.com/gidyon/mpesapayments/internal/mpesapayment/mpesa.go:299.21,301.17 2 5
github.com/gidyon/mpesapayments/internal/mpesapayment/mpesa.go:304.3,304.27 1 5
github.com/gidyon/mpesapayments/internal/mpesapayment/mpesa.go:301.17,303.4 1 0
github.com/gidyon/mpesapayments/internal/mpesapayment/mpesa.go:311.27,313.3 1 0
github.com/gidyon/mpesapayments/internal/mpesapayment/mpesa.go:315.28,317.3 1 0
github.com/gidyon/mpesapayments/internal/mpesapayment/mpesa.go:320.20,322.3 1 5
github.com/gidyon/mpesapayments/internal/mpesapayment/mpesa.go:324.27,325.34 1 8
github.com/gidyon/mpesapayments/internal/mpesapayment/mpesa.go:332.3,332.39 1 7
github.com/gidyon/mpesapayments/internal/mpesapayment/mpesa.go:325.34,327.18 2 2
github.com/gidyon/mpesapayments/internal/mpesapayment/mpesa.go:330.4,330.87 1 1
github.com/gidyon/mpesapayments/internal/mpesapayment/mpesa.go:327.18,329.5 1 1
github.com/gidyon/mpesapayments/internal/mpesapayment/mpesa.go:332.39,333.42 1 1
github.com/gidyon/mpesapayments/internal/mpesapayment/mpesa.go:333.42,335.5 1 1
github.com/gidyon/mpesapayments/internal/mpesapayment/mpesa.go:341.18,341.18 0 7
github.com/gidyon/mpesapayments/internal/mpesapayment/mpesa.go:342.10,343.54 1 0
github.com/gidyon/mpesapayments/internal/mpesapayment/mpesa.go:348.54,350.17 2 100
github.com/gidyon/mpesapayments/internal/mpesapayment/mpesa.go:353.3,354.41 2 100
github.com/gidyon/mpesapayments/internal/mpesapayment/mpesa.go:350.17,352.4 1 0
github.com/gidyon/mpesapayments/internal/mpesapayment/mpesa.go:358.46,361.17 2 5
github.com/gidyon/mpesapayments/internal/mpesapayment/mpesa.go:361.17,363.4 1 0
github.com/gidyon/mpesapayments/internal/mpesapayment/mpesa.go:372.50,379.16 3 2
github.com/gidyon/mpesapayments/internal/mpesapayment/mpesa.go:383.2,383.16 1 1
github.com/gidyon/mpesapayments/internal/mpesapayment/mpesa.go:379.16,381.3 1 1
github.com/gidyon/mpesapayments/internal/mpesapayment/mpesa.go:388.25,391.16 2 4
github.com/gidyon/mpesapayments/internal/mpesapayment/mpesa.go:396.2,396.9 1 4
github.com/gidyon/mpesapayments/internal/mpesapayment/mpesa.go:405.2,405.45 1 1
github.com/gidyon/mpesapayments/internal/mpesapayment/mpesa.go:412.2,412.42 1 1
github.com/gidyon/mpesapayments/internal/mpesapayment/mpesa.go:419.2,419.28 1 1
github.com/gidyon/mpesapayments/internal/mpesapayment/mpesa.go:391.16,393.3 1 0
github.com/gidyon/mpesapayments/internal/mpesapayment/mpesa.go:397.21,398.49 1 1
github.com/gidyon/mpesapayments/internal/mpesapayment/mpesa.go:399.27,400.43 1 1
github.com/gidyon/mpesapayments/internal/mpesapayment/mpesa.go:401.28,402.39 1 1
github.com/gidyon/mpesapayments/internal/mpesapayment/mpesa.go:405.45,407.17 2 1
github.com/gidyon/mpesapayments/internal/mpesapayment/mpesa.go:407.17,409.4 1 0
github.com/gidyon/mpesapayments/internal/mpesapayment/mpesa.go:412.42,414.17 2 1
github.com/gidyon/mpesapayments/internal/mpesapayment/mpesa.go:414.17,416.4 1 0
github.com/gidyon/mpesapayments/internal/mpesapayment/mpesa.go:424.44,427.16 2 3
github.com/gidyon/mpesapayments/internal/mpesapayment/mpesa.go:431.2,431.9 1 3
github.com/gidyon/mpesapayments/internal/mpesapayment/mpesa.go:437.2,438.46 2 2
github.com/gidyon/mpesapayments/internal/mpesapayment/mpesa.go:443.2,444.46 2 2
github.com/gidyon/mpesapayments/internal/mpesapayment/mpesa.go:448.2,453.8 1 2
github.com/gidyon/mpesapayments/internal/mpesapayment/mpesa.go:427.16,429.3 1 0
github.com/gidyon/mpesapayments/internal/mpesapayment/mpesa.go:432.22,433.45 1 1
github.com/gidyon/mpesapayments/internal/mpesapayment/mpesa.go:438.46,440.3 1 0
github.com/gidyon/mpesapayments/internal/mpesapayment/mpesa.go:444.46,446.3 1 0
github.com/gidyon/mpesapayments/internal/mpesapayment/worker.go:18.97,20.6 2 0
github.com/gidyon/mpesapayments/internal/mpesapayment/worker.go:20.6,22.17 2 0
github.com/gidyon/mpesapayments/internal/mpesapayment/worker.go:25.3,25.10 1 0
github.com/gidyon/mpesapayments/internal/mpesapayment/worker.go:22.17,24.4 1 0
github.com/gidyon/mpesapayments/internal/mpesapayment/worker.go:26.21,27.10 1 0
github.com/gidyon/mpesapayments/internal/mpesapayment/worker.go:28.26,28.26 0 0
github.com/gidyon/mpesapayments/internal/mpesapayment/worker.go:33.59,35.16 2 0
github.com/gidyon/mpesapayments/internal/mpesapayment/worker.go:39.2,42.16 3 0
github.com/gidyon/mpesapayments/internal/mpesapayment/worker.go:46.2,48.33 3 0
github.com/gidyon/mpesapayments/internal/mpesapayment/worker.go:52.2,54.12 2 0
github.com/gidyon/mpesapayments/internal/mpesapayment/worker.go:35.16,37.3 1 0
github.com/gidyon/mpesapayments/internal/mpesapayment/worker.go:42.16,44.3 1 0
github.com/gidyon/mpesapayments/internal/mpesapayment/worker.go:48.33,50.3 1 0
github.com/gidyon/mpesapayments/internal/mpesapayment/worker.go:57.80,61.6 3 0
github.com/gidyon/mpesapayments/internal/mpesapayment/worker.go:61.6,62.10 1 0
github.com/gidyon/mpesapayments/internal/mpesapayment/worker.go:63.21,64.10 1 0
github.com/gidyon/mpesapayments/internal/mpesapayment/worker.go:65.19,67.11 2 0
github.com/gidyon/mpesapayments/internal/mpesapayment/worker.go:68.20,68.20 0 0
github.com/gidyon/mpesapayments/internal/mpesapayment/worker.go:69.84,69.84 0 0
github.com/gidyon/mpesapayments/internal/mpesapayment/worker.go:70.12,71.66 1 0
github.com/gidyon/mpesapayments/internal/mpesapayment/worker.go:77.64,84.15 4 0
github.com/gidyon/mpesapayments/internal/mpesapayment/worker.go:88.2,88.6 1 0
github.com/gidyon/mpesapayments/internal/mpesapayment/worker.go:84.15,86.3 1 0
github.com/gidyon/mpesapayments/internal/mpesapayment/worker.go:88.6,89.10 1 0
github.com/gidyon/mpesapayments/internal/mpesapayment/worker.go:90.21,91.20 1 0
github.com/gidyon/mpesapayments/internal/mpesapayment/worker.go:92.11,94.11 2 0
github.com/gidyon/mpesapayments/internal/mpesapayment/worker.go:107.4,109.18 3 0
github.com/gidyon/mpesapayments/internal/mpesapayment/worker.go:115.4,116.18 2 0
github.com/gidyon/mpesapayments/internal/mpesapayment/worker.go:121.4,122.18 2 0
github.com/gidyon/mpesapayments/internal/mpesapayment/worker.go:128.4,129.11 2 0
github.com/gidyon/mpesapayments/internal/mpesapayment/worker.go:95.20,95.20 0 0
github.com/gidyon/mpesapayments/internal/mpesapayment/worker.go:96.35,96.35 0 0
github.com/gidyon/mpesapayments/internal/mpesapayment/worker.go:97.12,98.19 1 0
github.com/gidyon/mpesapayments/internal/mpesapayment/worker.go:101.5,101.18 1 0
github.com/gidyon/mpesapayments/internal/mpesapayment/worker.go:98.19,100.6 1 0
github.com/gidyon/mpesapayments/internal/mpesapayment/worker.go:101.18,103.6 1 0
github.com/gidyon/mpesapayments/internal/mpesapayment/worker.go:109.18,111.13 2 0
github.com/gidyon/mpesapayments/internal/mpesapayment/worker.go:116.18,118.13 2 0
github.com/gidyon/mpesapayments/internal/mpesapayment/worker.go:122.18,124.13 2 0
github.com/gidyon/mpesapayments/internal/mpesapayment/worker.go:130.20,132.13 2 0
github.com/gidyon/mpesapayments/internal/mpesapayment/worker.go:133.69,135.13 2 0
github.com/gidyon/mpesapayments/internal/mpesapayment/worker.go:136.12,138.13 2 0
