mode: atomic
github.com/gidyon/mpesapayments/internal/b2c/worker.go:13.93,15.6 2 3
github.com/gidyon/mpesapayments/internal/b2c/worker.go:15.6,17.17 2 3
github.com/gidyon/mpesapayments/internal/b2c/worker.go:22.3,22.10 1 3
github.com/gidyon/mpesapayments/internal/b2c/worker.go:17.17,19.4 1 0
github.com/gidyon/mpesapayments/internal/b2c/worker.go:19.9,21.4 1 3
github.com/gidyon/mpesapayments/internal/b2c/worker.go:23.21,24.10 1 0
github.com/gidyon/mpesapayments/internal/b2c/worker.go:25.26,25.26 0 0
github.com/gidyon/mpesapayments/internal/b2c/worker.go:30.55,32.16 2 3
github.com/gidyon/mpesapayments/internal/b2c/worker.go:36.2,39.43 3 3
github.com/gidyon/mpesapayments/internal/b2c/worker.go:43.2,45.43 3 3
github.com/gidyon/mpesapayments/internal/b2c/worker.go:49.2,51.12 2 3
github.com/gidyon/mpesapayments/internal/b2c/worker.go:32.16,34.3 1 0
github.com/gidyon/mpesapayments/internal/b2c/worker.go:39.43,41.3 1 0
github.com/gidyon/mpesapayments/internal/b2c/worker.go:45.43,47.3 1 0
github.com/gidyon/mpesapayments/internal/b2c/worker.go:54.70,57.6 2 3
github.com/gidyon/mpesapayments/internal/b2c/worker.go:57.6,58.10 1 3
github.com/gidyon/mpesapayments/internal/b2c/worker.go:59.21,60.10 1 0
github.com/gidyon/mpesapayments/internal/b2c/worker.go:61.20,64.32 2 0
github.com/gidyon/mpesapayments/internal/b2c/b2c.go:65.49,70.2 3 2
github.com/gidyon/mpesapayments/internal/b2c/b2c.go:72.51,76.40 3 2
github.com/gidyon/mpesapayments/internal/b2c/b2c.go:76.40,79.3 2 2
github.com/gidyon/mpesapayments/internal/b2c/b2c.go:82.61,87.8 4 2
github.com/gidyon/mpesapayments/internal/b2c/b2c.go:91.2,91.11 1 2
github.com/gidyon/mpesapayments/internal/b2c/b2c.go:87.8,89.3 1 2
github.com/gidyon/mpesapayments/internal/b2c/b2c.go:94.48,98.2 3 2
github.com/gidyon/mpesapayments/internal/b2c/b2c.go:132.42,134.9 2 25
github.com/gidyon/mpesapayments/internal/b2c/b2c.go:165.2,165.12 1 25
github.com/gidyon/mpesapayments/internal/b2c/b2c.go:135.18,136.34 1 1
github.com/gidyon/mpesapayments/internal/b2c/b2c.go:137.24,138.33 1 1
github.com/gidyon/mpesapayments/internal/b2c/b2c.go:139.26,140.35 1 1
github.com/gidyon/mpesapayments/internal/b2c/b2c.go:141.25,142.33 1 1
github.com/gidyon/mpesapayments/internal/b2c/b2c.go:143.26,144.35 1 1
github.com/gidyon/mpesapayments/internal/b2c/b2c.go:145.35,146.44 1 1
github.com/gidyon/mpesapayments/internal/b2c/b2c.go:147.29,148.38 1 1
github.com/gidyon/mpesapayments/internal/b2c/b2c.go:149.29,150.38 1 2
github.com/gidyon/mpesapayments/internal/b2c/b2c.go:151.32,152.41 1 1
github.com/gidyon/mpesapayments/internal/b2c/b2c.go:153.32,154.45 1 1
github.com/gidyon/mpesapayments/internal/b2c/b2c.go:155.31,156.47 1 1
github.com/gidyon/mpesapayments/internal/b2c/b2c.go:157.33,158.47 1 1
github.com/gidyon/mpesapayments/internal/b2c/b2c.go:159.24,160.37 1 1
github.com/gidyon/mpesapayments/internal/b2c/b2c.go:161.29,162.42 1 1
github.com/gidyon/mpesapayments/internal/b2c/b2c.go:185.48,187.9 2 10
github.com/gidyon/mpesapayments/internal/b2c/b2c.go:207.2,207.12 1 10
github.com/gidyon/mpesapayments/internal/b2c/b2c.go:188.18,189.38 1 0
github.com/gidyon/mpesapayments/internal/b2c/b2c.go:190.32,191.46 1 1
github.com/gidyon/mpesapayments/internal/b2c/b2c.go:192.29,193.42 1 1
github.com/gidyon/mpesapayments/internal/b2c/b2c.go:194.32,195.45 1 1
github.com/gidyon/mpesapayments/internal/b2c/b2c.go:196.35,197.48 1 0
github.com/gidyon/mpesapayments/internal/b2c/b2c.go:198.75,199.48 1 1
github.com/gidyon/mpesapayments/internal/b2c/b2c.go:200.35,201.49 1 1
github.com/gidyon/mpesapayments/internal/b2c/b2c.go:202.33,203.48 1 1
github.com/gidyon/mpesapayments/internal/b2c/b2c.go:204.27,205.40 1 1
github.com/gidyon/mpesapayments/internal/b2c/b2c.go:211.77,214.9 2 26
github.com/gidyon/mpesapayments/internal/b2c/b2c.go:229.2,236.16 3 3
github.com/gidyon/mpesapayments/internal/b2c/b2c.go:240.2,246.16 4 3
github.com/gidyon/mpesapayments/internal/b2c/b2c.go:250.2,267.20 5 3
github.com/gidyon/mpesapayments/internal/b2c/b2c.go:215.18,216.40 1 1
github.com/gidyon/mpesapayments/internal/b2c/b2c.go:217.10,219.17 2 25
github.com/gidyon/mpesapayments/internal/b2c/b2c.go:222.3,223.17 2 10
github.com/gidyon/mpesapayments/internal/b2c/b2c.go:219.17,221.4 1 15
github.com/gidyon/mpesapayments/internal/b2c/b2c.go:223.17,225.4 1 7
github.com/gidyon/mpesapayments/internal/b2c/b2c.go:236.16,238.3 1 0
github.com/gidyon/mpesapayments/internal/b2c/b2c.go:246.16,248.3 1 0
github.com/gidyon/mpesapayments/internal/b2c/b2c.go:281.31,283.2 1 0
github.com/gidyon/mpesapayments/internal/b2c/b2c.go:285.59,287.25 2 4
github.com/gidyon/mpesapayments/internal/b2c/b2c.go:290.2,290.22 1 4
github.com/gidyon/mpesapayments/internal/b2c/b2c.go:293.2,293.25 1 4
github.com/gidyon/mpesapayments/internal/b2c/b2c.go:296.2,296.36 1 4
github.com/gidyon/mpesapayments/internal/b2c/b2c.go:299.2,299.35 1 4
github.com/gidyon/mpesapayments/internal/b2c/b2c.go:302.2,302.25 1 4
github.com/gidyon/mpesapayments/internal/b2c/b2c.go:305.2,305.12 1 4
github.com/gidyon/mpesapayments/internal/b2c/b2c.go:287.25,289.3 1 4
github.com/gidyon/mpesapayments/internal/b2c/b2c.go:290.22,292.3 1 4
github.com/gidyon/mpesapayments/internal/b2c/b2c.go:293.25,295.3 1 4
github.com/gidyon/mpesapayments/internal/b2c/b2c.go:296.36,298.3 1 4
github.com/gidyon/mpesapayments/internal/b2c/b2c.go:299.35,301.3 1 4
github.com/gidyon/mpesapayments/internal/b2c/b2c.go:302.25,304.3 1 2
github.com/gidyon/mpesapayments/internal/b2c/b2c.go:308.38,309.27 1 2
github.com/gidyon/mpesapayments/internal/b2c/b2c.go:314.2,314.11 1 0
github.com/gidyon/mpesapayments/internal/b2c/b2c.go:309.27,310.16 1 2
github.com/gidyon/mpesapayments/internal/b2c/b2c.go:310.16,312.4 1 2
github.com/gidyon/mpesapayments/internal/b2c/b2c.go:318.43,320.2 1 3
github.com/gidyon/mpesapayments/internal/b2c/b2c.go:324.45,327.16 2 4
github.com/gidyon/mpesapayments/internal/b2c/b2c.go:332.2,332.9 1 4
github.com/gidyon/mpesapayments/internal/b2c/b2c.go:341.2,370.16 7 1
github.com/gidyon/mpesapayments/internal/b2c/b2c.go:375.2,376.16 2 1
github.com/gidyon/mpesapayments/internal/b2c/b2c.go:381.2,386.16 4 1
github.com/gidyon/mpesapayments/internal/b2c/b2c.go:390.2,393.33 3 1
github.com/gidyon/mpesapayments/internal/b2c/b2c.go:398.2,398.24 1 1
github.com/gidyon/mpesapayments/internal/b2c/b2c.go:403.2,406.9 3 1
github.com/gidyon/mpesapayments/internal/b2c/b2c.go:413.2,414.16 2 1
github.com/gidyon/mpesapayments/internal/b2c/b2c.go:418.2,421.16 3 1
github.com/gidyon/mpesapayments/internal/b2c/b2c.go:425.2,430.8 1 1
github.com/gidyon/mpesapayments/internal/b2c/b2c.go:327.16,329.3 1 0
github.com/gidyon/mpesapayments/internal/b2c/b2c.go:333.23,334.46 1 1
github.com/gidyon/mpesapayments/internal/b2c/b2c.go:335.28,336.41 1 1
github.com/gidyon/mpesapayments/internal/b2c/b2c.go:337.91,338.51 1 1
github.com/gidyon/mpesapayments/internal/b2c/b2c.go:370.16,372.3 1 0
github.com/gidyon/mpesapayments/internal/b2c/b2c.go:376.16,378.3 1 0
github.com/gidyon/mpesapayments/internal/b2c/b2c.go:386.16,388.3 1 0
github.com/gidyon/mpesapayments/internal/b2c/b2c.go:393.33,396.3 2 0
github.com/gidyon/mpesapayments/internal/b2c/b2c.go:398.24,400.3 1 0
github.com/gidyon/mpesapayments/internal/b2c/b2c.go:407.24,408.89 1 0
github.com/gidyon/mpesapayments/internal/b2c/b2c.go:409.32,409.32 0 1
github.com/gidyon/mpesapayments/internal/b2c/b2c.go:414.16,416.3 1 0
github.com/gidyon/mpesapayments/internal/b2c/b2c.go:421.16,423.3 1 0
github.com/gidyon/mpesapayments/internal/b2c/b2c.go:435.27,438.16 2 7
github.com/gidyon/mpesapayments/internal/b2c/b2c.go:443.2,443.9 1 7
github.com/gidyon/mpesapayments/internal/b2c/b2c.go:458.2,474.31 6 1
github.com/gidyon/mpesapayments/internal/b2c/b2c.go:484.2,499.16 3 1
github.com/gidyon/mpesapayments/internal/b2c/b2c.go:504.2,505.16 2 1
github.com/gidyon/mpesapayments/internal/b2c/b2c.go:510.2,515.16 4 1
github.com/gidyon/mpesapayments/internal/b2c/b2c.go:519.2,522.33 3 1
github.com/gidyon/mpesapayments/internal/b2c/b2c.go:526.2,526.24 1 1
github.com/gidyon/mpesapayments/internal/b2c/b2c.go:531.2,534.9 3 1
github.com/gidyon/mpesapayments/internal/b2c/b2c.go:540.2,540.30 1 1
github.com/gidyon/mpesapayments/internal/b2c/b2c.go:438.16,440.3 1 0
github.com/gidyon/mpesapayments/internal/b2c/b2c.go:444.26,445.49 1 1
github.com/gidyon/mpesapayments/internal/b2c/b2c.go:446.31,447.42 1 1
github.com/gidyon/mpesapayments/internal/b2c/b2c.go:448.79,449.46 1 1
github.com/gidyon/mpesapayments/internal/b2c/b2c.go:450.31,451.42 1 1
github.com/gidyon/mpesapayments/internal/b2c/b2c.go:452.34,453.46 1 1
github.com/gidyon/mpesapayments/internal/b2c/b2c.go:454.33,455.43 1 1
github.com/gidyon/mpesapayments/internal/b2c/b2c.go:475.49,476.32 1 1
github.com/gidyon/mpesapayments/internal/b2c/b2c.go:477.50,478.33 1 0
github.com/gidyon/mpesapayments/internal/b2c/b2c.go:479.47,480.30 1 0
github.com/gidyon/mpesapayments/internal/b2c/b2c.go:499.16,501.3 1 0
github.com/gidyon/mpesapayments/internal/b2c/b2c.go:505.16,507.3 1 0
github.com/gidyon/mpesapayments/internal/b2c/b2c.go:515.16,517.3 1 0
github.com/gidyon/mpesapayments/internal/b2c/b2c.go:522.33,524.3 1 0
github.com/gidyon/mpesapayments/internal/b2c/b2c.go:526.24,528.3 1 0
github.com/gidyon/mpesapayments/internal/b2c/b2c.go:535.24,536.89 1 0
github.com/gidyon/mpesapayments/internal/b2c/b2c.go:537.32,537.32 0 1
github.com/gidyon/mpesapayments/internal/b2c/b2c.go:545.27,548.16 2 0
github.com/gidyon/mpesapayments/internal/b2c/b2c.go:553.2,553.9 1 0
github.com/gidyon/mpesapayments/internal/b2c/b2c.go:564.2,594.16 7 0
github.com/gidyon/mpesapayments/internal/b2c/b2c.go:599.2,600.16 2 0
github.com/gidyon/mpesapayments/internal/b2c/b2c.go:605.2,610.16 4 0
github.com/gidyon/mpesapayments/internal/b2c/b2c.go:614.2,617.33 3 0
github.com/gidyon/mpesapayments/internal/b2c/b2c.go:621.2,621.25 1 0
github.com/gidyon/mpesapayments/internal/b2c/b2c.go:626.2,629.9 3 0
github.com/gidyon/mpesapayments/internal/b2c/b2c.go:635.2,635.30 1 0
github.com/gidyon/mpesapayments/internal/b2c/b2c.go:548.16,550.3 1 0
github.com/gidyon/mpesapayments/internal/b2c/b2c.go:554.25,555.48 1 0
github.com/gidyon/mpesapayments/internal/b2c/b2c.go:556.36,557.49 1 0
github.com/gidyon/mpesapayments/internal/b2c/b2c.go:558.33,559.46 1 0
github.com/gidyon/mpesapayments/internal/b2c/b2c.go:560.38,561.50 1 0
github.com/gidyon/mpesapayments/internal/b2c/b2c.go:594.16,596.3 1 0
github.com/gidyon/mpesapayments/internal/b2c/b2c.go:600.16,602.3 1 0
github.com/gidyon/mpesapayments/internal/b2c/b2c.go:610.16,612.3 1 0
github.com/gidyon/mpesapayments/internal/b2c/b2c.go:617.33,619.3 1 0
github.com/gidyon/mpesapayments/internal/b2c/b2c.go:621.25,623.3 1 0
github.com/gidyon/mpesapayments/internal/b2c/b2c.go:630.24,631.89 1 0
github.com/gidyon/mpesapayments/internal/b2c/b2c.go:632.32,632.32 0 0
github.com/gidyon/mpesapayments/internal/b2c/b2c.go:639.55,641.9 2 5
github.com/gidyon/mpesapayments/internal/b2c/b2c.go:651.2,651.12 1 5
github.com/gidyon/mpesapayments/internal/b2c/b2c.go:642.24,643.37 1 1
github.com/gidyon/mpesapayments/internal/b2c/b2c.go:644.47,645.50 1 1
github.com/gidyon/mpesapayments/internal/b2c/b2c.go:646.41,647.48 1 1
github.com/gidyon/mpesapayments/internal/b2c/b2c.go:648.43,649.51 1 1
github.com/gidyon/mpesapayments/internal/b2c/b2c.go:656.28,659.16 2 6
github.com/gidyon/mpesapayments/internal/b2c/b2c.go:664.2,664.9 1 6
github.com/gidyon/mpesapayments/internal/b2c/b2c.go:674.2,675.16 2 1
github.com/gidyon/mpesapayments/internal/b2c/b2c.go:680.2,680.12 1 1
github.com/gidyon/mpesapayments/internal/b2c/b2c.go:687.2,687.31 1 1
github.com/gidyon/mpesapayments/internal/b2c/b2c.go:659.16,661.3 1 0
github.com/gidyon/mpesapayments/internal/b2c/b2c.go:665.24,666.56 1 1
github.com/gidyon/mpesapayments/internal/b2c/b2c.go:667.10,669.17 2 5
github.com/gidyon/mpesapayments/internal/b2c/b2c.go:669.17,671.4 1 4
github.com/gidyon/mpesapayments/internal/b2c/b2c.go:675.16,677.3 1 0
github.com/gidyon/mpesapayments/internal/b2c/b2c.go:680.12,685.3 1 1
github.com/gidyon/mpesapayments/internal/b2c/b2c.go:692.28,695.16 2 5
github.com/gidyon/mpesapayments/internal/b2c/b2c.go:700.2,701.9 2 5
github.com/gidyon/mpesapayments/internal/b2c/b2c.go:710.2,712.20 2 3
github.com/gidyon/mpesapayments/internal/b2c/b2c.go:717.2,717.9 1 3
github.com/gidyon/mpesapayments/internal/b2c/b2c.go:723.2,723.35 1 2
github.com/gidyon/mpesapayments/internal/b2c/b2c.go:695.16,697.3 1 0
github.com/gidyon/mpesapayments/internal/b2c/b2c.go:702.21,703.44 1 1
github.com/gidyon/mpesapayments/internal/b2c/b2c.go:704.30,705.46 1 1
github.com/gidyon/mpesapayments/internal/b2c/b2c.go:706.10,707.48 1 3
github.com/gidyon/mpesapayments/internal/b2c/b2c.go:712.20,714.3 1 3
github.com/gidyon/mpesapayments/internal/b2c/b2c.go:714.8,716.3 1 0
github.com/gidyon/mpesapayments/internal/b2c/b2c.go:718.18,718.18 0 2
github.com/gidyon/mpesapayments/internal/b2c/b2c.go:719.46,720.71 1 1
github.com/gidyon/mpesapayments/internal/b2c/b2c.go:728.49,735.16 3 2
github.com/gidyon/mpesapayments/internal/b2c/b2c.go:739.2,739.15 1 1
github.com/gidyon/mpesapayments/internal/b2c/b2c.go:735.16,737.3 1 1
github.com/gidyon/mpesapayments/internal/b2c/b2c.go:744.41,747.16 2 9
github.com/gidyon/mpesapayments/internal/b2c/b2c.go:752.2,752.9 1 9
github.com/gidyon/mpesapayments/internal/b2c/b2c.go:759.2,760.32 2 8
github.com/gidyon/mpesapayments/internal/b2c/b2c.go:766.2,769.21 3 8
github.com/gidyon/mpesapayments/internal/b2c/b2c.go:779.2,784.20 3 8
github.com/gidyon/mpesapayments/internal/b2c/b2c.go:789.2,789.27 1 8
github.com/gidyon/mpesapayments/internal/b2c/b2c.go:818.2,819.9 2 7
github.com/gidyon/mpesapayments/internal/b2c/b2c.go:825.2,827.41 2 7
github.com/gidyon/mpesapayments/internal/b2c/b2c.go:841.2,842.39 2 7
github.com/gidyon/mpesapayments/internal/b2c/b2c.go:850.2,853.8 1 7
github.com/gidyon/mpesapayments/internal/b2c/b2c.go:747.16,749.3 1 0
github.com/gidyon/mpesapayments/internal/b2c/b2c.go:753.22,754.45 1 1
github.com/gidyon/mpesapayments/internal/b2c/b2c.go:755.28,756.45 1 0
github.com/gidyon/mpesapayments/internal/b2c/b2c.go:760.32,761.45 1 0
github.com/gidyon/mpesapayments/internal/b2c/b2c.go:761.45,763.4 1 0
github.com/gidyon/mpesapayments/internal/b2c/b2c.go:769.21,771.17 2 5
github.com/gidyon/mpesapayments/internal/b2c/b2c.go:776.3,776.27 1 5
github.com/gidyon/mpesapayments/internal/b2c/b2c.go:771.17,775.4 1 0
github.com/gidyon/mpesapayments/internal/b2c/b2c.go:784.20,786.3 1 5
github.com/gidyon/mpesapayments/internal/b2c/b2c.go:789.27,793.36 3 8
github.com/gidyon/mpesapayments/internal/b2c/b2c.go:803.3,803.38 1 7
github.com/gidyon/mpesapayments/internal/b2c/b2c.go:807.3,807.91 1 7
github.com/gidyon/mpesapayments/internal/b2c/b2c.go:793.36,795.4 1 0
github.com/gidyon/mpesapayments/internal/b2c/b2c.go:795.9,795.41 1 8
github.com/gidyon/mpesapayments/internal/b2c/b2c.go:795.41,797.18 2 2
github.com/gidyon/mpesapayments/internal/b2c/b2c.go:800.4,800.91 1 1
github.com/gidyon/mpesapayments/internal/b2c/b2c.go:797.18,799.5 1 1
github.com/gidyon/mpesapayments/internal/b2c/b2c.go:803.38,805.4 1 1
github.com/gidyon/mpesapayments/internal/b2c/b2c.go:807.91,808.39 1 0
github.com/gidyon/mpesapayments/internal/b2c/b2c.go:809.63,809.63 0 0
github.com/gidyon/mpesapayments/internal/b2c/b2c.go:810.51,811.37 1 0
github.com/gidyon/mpesapayments/internal/b2c/b2c.go:812.47,813.36 1 0
github.com/gidyon/mpesapayments/internal/b2c/b2c.go:820.18,820.18 0 7
github.com/gidyon/mpesapayments/internal/b2c/b2c.go:821.10,822.59 1 0
github.com/gidyon/mpesapayments/internal/b2c/b2c.go:827.41,829.17 2 111
github.com/gidyon/mpesapayments/internal/b2c/b2c.go:833.3,833.25 1 111
github.com/gidyon/mpesapayments/internal/b2c/b2c.go:837.3,838.34 2 106
github.com/gidyon/mpesapayments/internal/b2c/b2c.go:829.17,831.4 1 0
github.com/gidyon/mpesapayments/internal/b2c/b2c.go:833.25,834.9 1 5
github.com/gidyon/mpesapayments/internal/b2c/b2c.go:842.39,845.17 2 5
github.com/gidyon/mpesapayments/internal/b2c/b2c.go:845.17,847.4 1 0
github.com/gidyon/mpesapayments/internal/b2c/b2c.go:858.27,861.16 2 3
github.com/gidyon/mpesapayments/internal/b2c/b2c.go:866.2,867.9 2 3
github.com/gidyon/mpesapayments/internal/b2c/b2c.go:876.2,876.20 1 1
github.com/gidyon/mpesapayments/internal/b2c/b2c.go:883.2,883.9 1 1
github.com/gidyon/mpesapayments/internal/b2c/b2c.go:889.2,889.30 1 1
github.com/gidyon/mpesapayments/internal/b2c/b2c.go:861.16,863.3 1 0
github.com/gidyon/mpesapayments/internal/b2c/b2c.go:868.25,869.48 1 1
github.com/gidyon/mpesapayments/internal/b2c/b2c.go:870.34,871.46 1 1
github.com/gidyon/mpesapayments/internal/b2c/b2c.go:872.10,873.52 1 1
github.com/gidyon/mpesapayments/internal/b2c/b2c.go:876.20,879.3 1 1
github.com/gidyon/mpesapayments/internal/b2c/b2c.go:879.8,882.3 1 0
github.com/gidyon/mpesapayments/internal/b2c/b2c.go:884.18,884.18 0 1
github.com/gidyon/mpesapayments/internal/b2c/b2c.go:885.10,886.58 1 0
github.com/gidyon/mpesapayments/internal/b2c/insert.go:11.36,12.27 1 0
github.com/gidyon/mpesapayments/internal/b2c/insert.go:15.2,15.11 1 0
github.com/gidyon/mpesapayments/internal/b2c/insert.go:12.27,14.3 1 0
github.com/gidyon/mpesapayments/internal/b2c/insert.go:18.63,24.38 4 3
github.com/gidyon/mpesapayments/internal/b2c/insert.go:32.2,32.21 1 3
github.com/gidyon/mpesapayments/internal/b2c/insert.go:40.2,42.19 2 3
github.com/gidyon/mpesapayments/internal/b2c/insert.go:47.2,47.6 1 3
github.com/gidyon/mpesapayments/internal/b2c/insert.go:24.38,26.52 2 1
github.com/gidyon/mpesapayments/internal/b2c/insert.go:29.3,29.13 1 1
github.com/gidyon/mpesapayments/internal/b2c/insert.go:26.52,28.4 1 1
github.com/gidyon/mpesapayments/internal/b2c/insert.go:32.21,33.38 1 1
github.com/gidyon/mpesapayments/internal/b2c/insert.go:36.3,37.43 2 1
github.com/gidyon/mpesapayments/internal/b2c/insert.go:33.38,34.38 1 1
github.com/gidyon/mpesapayments/internal/b2c/insert.go:34.39,34.40 0 1
github.com/gidyon/mpesapayments/internal/b2c/insert.go:42.19,45.3 2 0
github.com/gidyon/mpesapayments/internal/b2c/insert.go:47.6,48.10 1 10
github.com/gidyon/mpesapayments/internal/b2c/insert.go:49.21,50.10 1 0
github.com/gidyon/mpesapayments/internal/b2c/insert.go:51.19,52.33 1 6
github.com/gidyon/mpesapayments/internal/b2c/insert.go:66.47,68.47 2 1
github.com/gidyon/mpesapayments/internal/b2c/insert.go:52.33,54.12 2 1
github.com/gidyon/mpesapayments/internal/b2c/insert.go:55.21,57.16 2 1
github.com/gidyon/mpesapayments/internal/b2c/insert.go:58.70,60.16 2 0
github.com/gidyon/mpesapayments/internal/b2c/insert.go:61.13,62.84 1 0
github.com/gidyon/mpesapayments/internal/b2c/insert.go:68.47,70.12 2 0
github.com/gidyon/mpesapayments/internal/b2c/insert.go:71.21,73.16 2 0
github.com/gidyon/mpesapayments/internal/b2c/insert.go:74.70,76.16 2 0
github.com/gidyon/mpesapayments/internal/b2c/insert.go:77.13,78.85 1 0
github.com/gidyon/mpesapayments/internal/b2c/model.go:36.36,38.2 1 1
github.com/gidyon/mpesapayments/internal/b2c/model.go:41.67,62.2 2 103
github.com/gidyon/mpesapayments/internal/b2c/model.go:65.67,87.2 2 113
