mode: atomic
github.com/gidyon/mpesapayments/internal/b2c/b2c.go:69.49,74.2 3 0
github.com/gidyon/mpesapayments/internal/b2c/b2c.go:76.51,80.40 3 2
github.com/gidyon/mpesapayments/internal/b2c/b2c.go:80.40,83.3 2 0
github.com/gidyon/mpesapayments/internal/b2c/b2c.go:86.61,91.8 4 0
github.com/gidyon/mpesapayments/internal/b2c/b2c.go:95.2,95.11 1 0
github.com/gidyon/mpesapayments/internal/b2c/b2c.go:91.8,93.3 1 0
github.com/gidyon/mpesapayments/internal/b2c/b2c.go:98.48,102.2 3 0
github.com/gidyon/mpesapayments/internal/b2c/b2c.go:137.42,139.9 2 24
github.com/gidyon/mpesapayments/internal/b2c/b2c.go:170.2,170.12 1 24
github.com/gidyon/mpesapayments/internal/b2c/b2c.go:140.18,141.34 1 1
github.com/gidyon/mpesapayments/internal/b2c/b2c.go:142.24,143.33 1 1
github.com/gidyon/mpesapayments/internal/b2c/b2c.go:144.26,145.35 1 1
github.com/gidyon/mpesapayments/internal/b2c/b2c.go:146.25,147.33 1 1
github.com/gidyon/mpesapayments/internal/b2c/b2c.go:148.26,149.35 1 1
github.com/gidyon/mpesapayments/internal/b2c/b2c.go:150.35,151.44 1 1
github.com/gidyon/mpesapayments/internal/b2c/b2c.go:152.29,153.38 1 1
github.com/gidyon/mpesapayments/internal/b2c/b2c.go:154.29,155.38 1 2
github.com/gidyon/mpesapayments/internal/b2c/b2c.go:156.32,157.41 1 1
github.com/gidyon/mpesapayments/internal/b2c/b2c.go:158.32,159.45 1 1
github.com/gidyon/mpesapayments/internal/b2c/b2c.go:160.31,161.47 1 1
github.com/gidyon/mpesapayments/internal/b2c/b2c.go:162.33,163.47 1 1
github.com/gidyon/mpesapayments/internal/b2c/b2c.go:164.24,165.37 1 1
github.com/gidyon/mpesapayments/internal/b2c/b2c.go:166.29,167.42 1 1
github.com/gidyon/mpesapayments/internal/b2c/b2c.go:189.48,191.9 2 9
github.com/gidyon/mpesapayments/internal/b2c/b2c.go:209.2,209.12 1 9
github.com/gidyon/mpesapayments/internal/b2c/b2c.go:192.18,193.38 1 0
github.com/gidyon/mpesapayments/internal/b2c/b2c.go:194.32,195.46 1 1
github.com/gidyon/mpesapayments/internal/b2c/b2c.go:196.29,197.42 1 1
github.com/gidyon/mpesapayments/internal/b2c/b2c.go:198.32,199.45 1 1
github.com/gidyon/mpesapayments/internal/b2c/b2c.go:200.35,201.48 1 0
github.com/gidyon/mpesapayments/internal/b2c/b2c.go:202.75,203.48 1 1
github.com/gidyon/mpesapayments/internal/b2c/b2c.go:204.33,205.48 1 1
github.com/gidyon/mpesapayments/internal/b2c/b2c.go:206.27,207.40 1 1
github.com/gidyon/mpesapayments/internal/b2c/b2c.go:213.77,216.9 2 25
github.com/gidyon/mpesapayments/internal/b2c/b2c.go:231.2,238.16 3 3
github.com/gidyon/mpesapayments/internal/b2c/b2c.go:242.2,248.16 4 3
github.com/gidyon/mpesapayments/internal/b2c/b2c.go:252.2,263.51 3 3
github.com/gidyon/mpesapayments/internal/b2c/b2c.go:270.2,270.53 1 3
github.com/gidyon/mpesapayments/internal/b2c/b2c.go:278.2,289.20 5 3
github.com/gidyon/mpesapayments/internal/b2c/b2c.go:217.18,218.40 1 1
github.com/gidyon/mpesapayments/internal/b2c/b2c.go:219.10,221.17 2 24
github.com/gidyon/mpesapayments/internal/b2c/b2c.go:224.3,225.17 2 9
github.com/gidyon/mpesapayments/internal/b2c/b2c.go:221.17,223.4 1 15
github.com/gidyon/mpesapayments/internal/b2c/b2c.go:225.17,227.4 1 6
github.com/gidyon/mpesapayments/internal/b2c/b2c.go:238.16,240.3 1 0
github.com/gidyon/mpesapayments/internal/b2c/b2c.go:248.16,250.3 1 0
github.com/gidyon/mpesapayments/internal/b2c/b2c.go:263.51,265.17 2 0
github.com/gidyon/mpesapayments/internal/b2c/b2c.go:265.17,267.4 1 0
github.com/gidyon/mpesapayments/internal/b2c/b2c.go:270.53,272.17 2 0
github.com/gidyon/mpesapayments/internal/b2c/b2c.go:272.17,274.4 1 0
github.com/gidyon/mpesapayments/internal/b2c/b2c.go:305.31,307.2 1 0
github.com/gidyon/mpesapayments/internal/b2c/b2c.go:309.59,311.27 2 4
github.com/gidyon/mpesapayments/internal/b2c/b2c.go:314.2,314.25 1 4
github.com/gidyon/mpesapayments/internal/b2c/b2c.go:317.2,317.22 1 4
github.com/gidyon/mpesapayments/internal/b2c/b2c.go:320.2,320.25 1 4
github.com/gidyon/mpesapayments/internal/b2c/b2c.go:323.2,323.36 1 4
github.com/gidyon/mpesapayments/internal/b2c/b2c.go:326.2,326.35 1 4
github.com/gidyon/mpesapayments/internal/b2c/b2c.go:329.2,329.22 1 4
github.com/gidyon/mpesapayments/internal/b2c/b2c.go:332.2,332.25 1 4
github.com/gidyon/mpesapayments/internal/b2c/b2c.go:335.2,335.12 1 4
github.com/gidyon/mpesapayments/internal/b2c/b2c.go:311.27,313.3 1 2
github.com/gidyon/mpesapayments/internal/b2c/b2c.go:314.25,316.3 1 4
github.com/gidyon/mpesapayments/internal/b2c/b2c.go:317.22,319.3 1 4
github.com/gidyon/mpesapayments/internal/b2c/b2c.go:320.25,322.3 1 4
github.com/gidyon/mpesapayments/internal/b2c/b2c.go:323.36,325.3 1 4
github.com/gidyon/mpesapayments/internal/b2c/b2c.go:326.35,328.3 1 4
github.com/gidyon/mpesapayments/internal/b2c/b2c.go:329.22,331.3 1 2
github.com/gidyon/mpesapayments/internal/b2c/b2c.go:332.25,334.3 1 2
github.com/gidyon/mpesapayments/internal/b2c/b2c.go:338.38,339.27 1 3
github.com/gidyon/mpesapayments/internal/b2c/b2c.go:344.2,344.11 1 0
github.com/gidyon/mpesapayments/internal/b2c/b2c.go:339.27,340.16 1 3
github.com/gidyon/mpesapayments/internal/b2c/b2c.go:340.16,342.4 1 3
github.com/gidyon/mpesapayments/internal/b2c/b2c.go:348.43,350.2 1 8
github.com/gidyon/mpesapayments/internal/b2c/b2c.go:352.58,354.2 1 0
github.com/gidyon/mpesapayments/internal/b2c/b2c.go:357.43,359.2 1 0
github.com/gidyon/mpesapayments/internal/b2c/b2c.go:363.27,366.16 2 0
github.com/gidyon/mpesapayments/internal/b2c/b2c.go:371.2,371.9 1 0
github.com/gidyon/mpesapayments/internal/b2c/b2c.go:383.2,387.16 3 0
github.com/gidyon/mpesapayments/internal/b2c/b2c.go:392.2,393.16 2 0
github.com/gidyon/mpesapayments/internal/b2c/b2c.go:397.2,397.30 1 0
github.com/gidyon/mpesapayments/internal/b2c/b2c.go:366.16,368.3 1 0
github.com/gidyon/mpesapayments/internal/b2c/b2c.go:372.26,373.49 1 0
github.com/gidyon/mpesapayments/internal/b2c/b2c.go:374.36,375.42 1 0
github.com/gidyon/mpesapayments/internal/b2c/b2c.go:376.42,377.52 1 0
github.com/gidyon/mpesapayments/internal/b2c/b2c.go:378.47,379.48 1 0
github.com/gidyon/mpesapayments/internal/b2c/b2c.go:387.16,389.3 1 0
github.com/gidyon/mpesapayments/internal/b2c/b2c.go:393.16,395.3 1 0
github.com/gidyon/mpesapayments/internal/b2c/b2c.go:402.45,405.16 2 4
github.com/gidyon/mpesapayments/internal/b2c/b2c.go:410.2,410.9 1 4
github.com/gidyon/mpesapayments/internal/b2c/b2c.go:423.2,425.26 2 1
github.com/gidyon/mpesapayments/internal/b2c/b2c.go:431.2,455.16 4 1
github.com/gidyon/mpesapayments/internal/b2c/b2c.go:460.2,461.16 2 1
github.com/gidyon/mpesapayments/internal/b2c/b2c.go:466.2,471.16 4 1
github.com/gidyon/mpesapayments/internal/b2c/b2c.go:475.2,478.33 3 1
github.com/gidyon/mpesapayments/internal/b2c/b2c.go:482.2,482.33 1 1
github.com/gidyon/mpesapayments/internal/b2c/b2c.go:486.2,488.26 2 0
github.com/gidyon/mpesapayments/internal/b2c/b2c.go:511.2,517.8 1 0
github.com/gidyon/mpesapayments/internal/b2c/b2c.go:405.16,407.3 1 0
github.com/gidyon/mpesapayments/internal/b2c/b2c.go:411.23,412.46 1 1
github.com/gidyon/mpesapayments/internal/b2c/b2c.go:413.28,414.41 1 1
github.com/gidyon/mpesapayments/internal/b2c/b2c.go:415.34,416.48 1 0
github.com/gidyon/mpesapayments/internal/b2c/b2c.go:417.30,418.43 1 0
github.com/gidyon/mpesapayments/internal/b2c/b2c.go:419.91,420.51 1 1
github.com/gidyon/mpesapayments/internal/b2c/b2c.go:425.26,429.3 2 0
github.com/gidyon/mpesapayments/internal/b2c/b2c.go:455.16,457.3 1 0
github.com/gidyon/mpesapayments/internal/b2c/b2c.go:461.16,463.3 1 0
github.com/gidyon/mpesapayments/internal/b2c/b2c.go:471.16,473.3 1 0
github.com/gidyon/mpesapayments/internal/b2c/b2c.go:478.33,480.3 1 0
github.com/gidyon/mpesapayments/internal/b2c/b2c.go:482.33,484.3 1 1
github.com/gidyon/mpesapayments/internal/b2c/b2c.go:488.26,493.10 3 0
github.com/gidyon/mpesapayments/internal/b2c/b2c.go:500.3,501.17 2 0
github.com/gidyon/mpesapayments/internal/b2c/b2c.go:505.3,506.17 2 0
github.com/gidyon/mpesapayments/internal/b2c/b2c.go:494.25,495.90 1 0
github.com/gidyon/mpesapayments/internal/b2c/b2c.go:496.33,496.33 0 0
github.com/gidyon/mpesapayments/internal/b2c/b2c.go:501.17,503.4 1 0
github.com/gidyon/mpesapayments/internal/b2c/b2c.go:506.17,508.4 1 0
github.com/gidyon/mpesapayments/internal/b2c/b2c.go:522.27,525.16 2 7
github.com/gidyon/mpesapayments/internal/b2c/b2c.go:530.2,530.9 1 7
github.com/gidyon/mpesapayments/internal/b2c/b2c.go:545.2,547.29 2 1
github.com/gidyon/mpesapayments/internal/b2c/b2c.go:553.2,565.31 3 1
github.com/gidyon/mpesapayments/internal/b2c/b2c.go:575.2,590.16 3 1
github.com/gidyon/mpesapayments/internal/b2c/b2c.go:595.2,596.16 2 1
github.com/gidyon/mpesapayments/internal/b2c/b2c.go:601.2,606.16 4 1
github.com/gidyon/mpesapayments/internal/b2c/b2c.go:610.2,613.33 3 1
github.com/gidyon/mpesapayments/internal/b2c/b2c.go:617.2,617.33 1 1
github.com/gidyon/mpesapayments/internal/b2c/b2c.go:621.2,621.29 1 0
github.com/gidyon/mpesapayments/internal/b2c/b2c.go:633.2,633.30 1 0
github.com/gidyon/mpesapayments/internal/b2c/b2c.go:525.16,527.3 1 0
github.com/gidyon/mpesapayments/internal/b2c/b2c.go:531.26,532.49 1 1
github.com/gidyon/mpesapayments/internal/b2c/b2c.go:533.31,534.42 1 1
github.com/gidyon/mpesapayments/internal/b2c/b2c.go:535.79,536.46 1 1
github.com/gidyon/mpesapayments/internal/b2c/b2c.go:537.31,538.42 1 1
github.com/gidyon/mpesapayments/internal/b2c/b2c.go:539.34,540.46 1 1
github.com/gidyon/mpesapayments/internal/b2c/b2c.go:541.33,542.43 1 1
github.com/gidyon/mpesapayments/internal/b2c/b2c.go:547.29,551.3 2 0
github.com/gidyon/mpesapayments/internal/b2c/b2c.go:566.49,567.32 1 1
github.com/gidyon/mpesapayments/internal/b2c/b2c.go:568.50,569.33 1 0
github.com/gidyon/mpesapayments/internal/b2c/b2c.go:570.47,571.30 1 0
github.com/gidyon/mpesapayments/internal/b2c/b2c.go:590.16,592.3 1 0
github.com/gidyon/mpesapayments/internal/b2c/b2c.go:596.16,598.3 1 0
github.com/gidyon/mpesapayments/internal/b2c/b2c.go:606.16,608.3 1 0
github.com/gidyon/mpesapayments/internal/b2c/b2c.go:613.33,615.3 1 0
github.com/gidyon/mpesapayments/internal/b2c/b2c.go:617.33,619.3 1 1
github.com/gidyon/mpesapayments/internal/b2c/b2c.go:621.29,626.10 3 0
github.com/gidyon/mpesapayments/internal/b2c/b2c.go:627.25,628.90 1 0
github.com/gidyon/mpesapayments/internal/b2c/b2c.go:629.33,629.33 0 0
github.com/gidyon/mpesapayments/internal/b2c/b2c.go:638.27,641.16 2 0
github.com/gidyon/mpesapayments/internal/b2c/b2c.go:646.2,646.9 1 0
github.com/gidyon/mpesapayments/internal/b2c/b2c.go:659.2,661.28 2 0
github.com/gidyon/mpesapayments/internal/b2c/b2c.go:667.2,692.16 4 0
github.com/gidyon/mpesapayments/internal/b2c/b2c.go:697.2,698.16 2 0
github.com/gidyon/mpesapayments/internal/b2c/b2c.go:703.2,708.16 4 0
github.com/gidyon/mpesapayments/internal/b2c/b2c.go:712.2,715.33 3 0
github.com/gidyon/mpesapayments/internal/b2c/b2c.go:719.2,719.33 1 0
github.com/gidyon/mpesapayments/internal/b2c/b2c.go:723.2,723.28 1 0
github.com/gidyon/mpesapayments/internal/b2c/b2c.go:735.2,735.30 1 0
github.com/gidyon/mpesapayments/internal/b2c/b2c.go:641.16,643.3 1 0
github.com/gidyon/mpesapayments/internal/b2c/b2c.go:647.25,648.48 1 0
github.com/gidyon/mpesapayments/internal/b2c/b2c.go:649.36,650.49 1 0
github.com/gidyon/mpesapayments/internal/b2c/b2c.go:651.33,652.46 1 0
github.com/gidyon/mpesapayments/internal/b2c/b2c.go:653.38,654.50 1 0
github.com/gidyon/mpesapayments/internal/b2c/b2c.go:655.32,656.43 1 0
github.com/gidyon/mpesapayments/internal/b2c/b2c.go:661.28,665.3 2 0
github.com/gidyon/mpesapayments/internal/b2c/b2c.go:692.16,694.3 1 0
github.com/gidyon/mpesapayments/internal/b2c/b2c.go:698.16,700.3 1 0
github.com/gidyon/mpesapayments/internal/b2c/b2c.go:708.16,710.3 1 0
github.com/gidyon/mpesapayments/internal/b2c/b2c.go:715.33,717.3 1 0
github.com/gidyon/mpesapayments/internal/b2c/b2c.go:719.33,721.3 1 0
github.com/gidyon/mpesapayments/internal/b2c/b2c.go:723.28,728.10 3 0
github.com/gidyon/mpesapayments/internal/b2c/b2c.go:729.25,730.90 1 0
github.com/gidyon/mpesapayments/internal/b2c/b2c.go:731.33,731.33 0 0
github.com/gidyon/mpesapayments/internal/b2c/b2c.go:739.55,741.9 2 3
github.com/gidyon/mpesapayments/internal/b2c/b2c.go:751.2,751.12 1 3
github.com/gidyon/mpesapayments/internal/b2c/b2c.go:742.24,743.37 1 1
github.com/gidyon/mpesapayments/internal/b2c/b2c.go:744.41,745.48 1 1
github.com/gidyon/mpesapayments/internal/b2c/b2c.go:756.28,759.16 2 4
github.com/gidyon/mpesapayments/internal/b2c/b2c.go:764.2,764.9 1 4
github.com/gidyon/mpesapayments/internal/b2c/b2c.go:774.2,775.16 2 1
github.com/gidyon/mpesapayments/internal/b2c/b2c.go:780.2,780.12 1 1
github.com/gidyon/mpesapayments/internal/b2c/b2c.go:787.2,787.31 1 1
github.com/gidyon/mpesapayments/internal/b2c/b2c.go:759.16,761.3 1 0
github.com/gidyon/mpesapayments/internal/b2c/b2c.go:765.24,766.47 1 1
github.com/gidyon/mpesapayments/internal/b2c/b2c.go:767.10,769.17 2 3
github.com/gidyon/mpesapayments/internal/b2c/b2c.go:769.17,771.4 1 2
github.com/gidyon/mpesapayments/internal/b2c/b2c.go:775.16,777.3 1 0
github.com/gidyon/mpesapayments/internal/b2c/b2c.go:780.12,785.3 1 1
github.com/gidyon/mpesapayments/internal/b2c/b2c.go:792.28,798.9 2 5
github.com/gidyon/mpesapayments/internal/b2c/b2c.go:807.2,809.20 2 3
github.com/gidyon/mpesapayments/internal/b2c/b2c.go:814.2,814.9 1 3
github.com/gidyon/mpesapayments/internal/b2c/b2c.go:820.2,820.35 1 2
github.com/gidyon/mpesapayments/internal/b2c/b2c.go:799.21,800.44 1 1
github.com/gidyon/mpesapayments/internal/b2c/b2c.go:801.30,802.46 1 1
github.com/gidyon/mpesapayments/internal/b2c/b2c.go:803.10,804.48 1 3
github.com/gidyon/mpesapayments/internal/b2c/b2c.go:809.20,811.3 1 3
github.com/gidyon/mpesapayments/internal/b2c/b2c.go:811.8,813.3 1 0
github.com/gidyon/mpesapayments/internal/b2c/b2c.go:815.18,815.18 0 2
github.com/gidyon/mpesapayments/internal/b2c/b2c.go:816.46,817.71 1 1
github.com/gidyon/mpesapayments/internal/b2c/b2c.go:825.49,832.16 3 3
github.com/gidyon/mpesapayments/internal/b2c/b2c.go:836.2,836.15 1 2
github.com/gidyon/mpesapayments/internal/b2c/b2c.go:832.16,834.3 1 1
github.com/gidyon/mpesapayments/internal/b2c/b2c.go:841.41,844.16 2 15
github.com/gidyon/mpesapayments/internal/b2c/b2c.go:849.2,849.9 1 15
github.com/gidyon/mpesapayments/internal/b2c/b2c.go:856.2,857.32 2 14
github.com/gidyon/mpesapayments/internal/b2c/b2c.go:865.2,868.21 3 14
github.com/gidyon/mpesapayments/internal/b2c/b2c.go:878.2,883.20 3 14
github.com/gidyon/mpesapayments/internal/b2c/b2c.go:888.2,888.27 1 14
github.com/gidyon/mpesapayments/internal/b2c/b2c.go:925.2,926.9 2 13
github.com/gidyon/mpesapayments/internal/b2c/b2c.go:932.2,934.41 2 13
github.com/gidyon/mpesapayments/internal/b2c/b2c.go:948.2,949.39 2 13
github.com/gidyon/mpesapayments/internal/b2c/b2c.go:957.2,960.8 1 13
github.com/gidyon/mpesapayments/internal/b2c/b2c.go:844.16,846.3 1 0
github.com/gidyon/mpesapayments/internal/b2c/b2c.go:850.22,851.45 1 1
github.com/gidyon/mpesapayments/internal/b2c/b2c.go:852.28,853.45 1 0
github.com/gidyon/mpesapayments/internal/b2c/b2c.go:857.32,858.53 1 0
github.com/gidyon/mpesapayments/internal/b2c/b2c.go:858.53,860.4 1 0
github.com/gidyon/mpesapayments/internal/b2c/b2c.go:861.8,861.26 1 14
github.com/gidyon/mpesapayments/internal/b2c/b2c.go:861.26,863.3 1 0
github.com/gidyon/mpesapayments/internal/b2c/b2c.go:868.21,870.17 2 10
github.com/gidyon/mpesapayments/internal/b2c/b2c.go:875.3,875.27 1 10
github.com/gidyon/mpesapayments/internal/b2c/b2c.go:870.17,874.4 1 0
github.com/gidyon/mpesapayments/internal/b2c/b2c.go:883.20,885.3 1 10
github.com/gidyon/mpesapayments/internal/b2c/b2c.go:888.27,892.36 3 14
github.com/gidyon/mpesapayments/internal/b2c/b2c.go:902.3,902.39 1 13
github.com/gidyon/mpesapayments/internal/b2c/b2c.go:910.3,910.38 1 13
github.com/gidyon/mpesapayments/internal/b2c/b2c.go:914.3,914.82 1 13
github.com/gidyon/mpesapayments/internal/b2c/b2c.go:892.36,894.4 1 0
github.com/gidyon/mpesapayments/internal/b2c/b2c.go:894.9,894.41 1 14
github.com/gidyon/mpesapayments/internal/b2c/b2c.go:894.41,896.18 2 3
github.com/gidyon/mpesapayments/internal/b2c/b2c.go:899.4,899.91 1 2
github.com/gidyon/mpesapayments/internal/b2c/b2c.go:896.18,898.5 1 1
github.com/gidyon/mpesapayments/internal/b2c/b2c.go:902.39,903.39 1 0
github.com/gidyon/mpesapayments/internal/b2c/b2c.go:903.39,905.5 1 0
github.com/gidyon/mpesapayments/internal/b2c/b2c.go:905.10,907.5 1 0
github.com/gidyon/mpesapayments/internal/b2c/b2c.go:910.38,912.4 1 2
github.com/gidyon/mpesapayments/internal/b2c/b2c.go:914.82,915.39 1 0
github.com/gidyon/mpesapayments/internal/b2c/b2c.go:916.54,916.54 0 0
github.com/gidyon/mpesapayments/internal/b2c/b2c.go:917.42,918.37 1 0
github.com/gidyon/mpesapayments/internal/b2c/b2c.go:919.38,920.36 1 0
github.com/gidyon/mpesapayments/internal/b2c/b2c.go:927.18,927.18 0 13
github.com/gidyon/mpesapayments/internal/b2c/b2c.go:928.10,929.59 1 0
github.com/gidyon/mpesapayments/internal/b2c/b2c.go:934.41,936.17 2 212
github.com/gidyon/mpesapayments/internal/b2c/b2c.go:940.3,940.25 1 212
github.com/gidyon/mpesapayments/internal/b2c/b2c.go:944.3,945.34 2 202
github.com/gidyon/mpesapayments/internal/b2c/b2c.go:936.17,938.4 1 0
github.com/gidyon/mpesapayments/internal/b2c/b2c.go:940.25,941.9 1 10
github.com/gidyon/mpesapayments/internal/b2c/b2c.go:949.39,952.17 2 10
github.com/gidyon/mpesapayments/internal/b2c/b2c.go:952.17,954.4 1 0
github.com/gidyon/mpesapayments/internal/b2c/b2c.go:965.27,968.16 2 3
github.com/gidyon/mpesapayments/internal/b2c/b2c.go:973.2,974.9 2 3
github.com/gidyon/mpesapayments/internal/b2c/b2c.go:983.2,983.20 1 1
github.com/gidyon/mpesapayments/internal/b2c/b2c.go:990.2,990.9 1 1
github.com/gidyon/mpesapayments/internal/b2c/b2c.go:996.2,996.30 1 1
github.com/gidyon/mpesapayments/internal/b2c/b2c.go:968.16,970.3 1 0
github.com/gidyon/mpesapayments/internal/b2c/b2c.go:975.25,976.48 1 1
github.com/gidyon/mpesapayments/internal/b2c/b2c.go:977.34,978.46 1 1
github.com/gidyon/mpesapayments/internal/b2c/b2c.go:979.10,980.52 1 1
github.com/gidyon/mpesapayments/internal/b2c/b2c.go:983.20,986.3 1 1
github.com/gidyon/mpesapayments/internal/b2c/b2c.go:986.8,989.3 1 0
github.com/gidyon/mpesapayments/internal/b2c/b2c.go:991.18,991.18 0 1
github.com/gidyon/mpesapayments/internal/b2c/b2c.go:992.10,993.58 1 0
github.com/gidyon/mpesapayments/internal/b2c/b2c.go:1001.27,1004.16 2 1
github.com/gidyon/mpesapayments/internal/b2c/b2c.go:1009.2,1009.9 1 1
github.com/gidyon/mpesapayments/internal/b2c/b2c.go:1019.2,1022.16 2 0
github.com/gidyon/mpesapayments/internal/b2c/b2c.go:1026.2,1027.26 2 0
github.com/gidyon/mpesapayments/internal/b2c/b2c.go:1034.2,1034.31 1 0
github.com/gidyon/mpesapayments/internal/b2c/b2c.go:1064.2,1064.30 1 0
github.com/gidyon/mpesapayments/internal/b2c/b2c.go:1004.16,1006.3 1 0
github.com/gidyon/mpesapayments/internal/b2c/b2c.go:1010.21,1011.48 1 0
github.com/gidyon/mpesapayments/internal/b2c/b2c.go:1012.30,1013.46 1 0
github.com/gidyon/mpesapayments/internal/b2c/b2c.go:1014.32,1015.48 1 1
github.com/gidyon/mpesapayments/internal/b2c/b2c.go:1022.16,1024.3 1 0
github.com/gidyon/mpesapayments/internal/b2c/b2c.go:1027.26,1029.3 1 0
github.com/gidyon/mpesapayments/internal/b2c/b2c.go:1029.8,1031.3 1 0
github.com/gidyon/mpesapayments/internal/b2c/b2c.go:1035.52,1039.17 2 0
github.com/gidyon/mpesapayments/internal/b2c/b2c.go:1042.40,1044.28 1 0
github.com/gidyon/mpesapayments/internal/b2c/b2c.go:1052.36,1054.27 1 0
github.com/gidyon/mpesapayments/internal/b2c/b2c.go:1039.17,1041.4 1 0
github.com/gidyon/mpesapayments/internal/b2c/b2c.go:1044.28,1048.18 2 0
github.com/gidyon/mpesapayments/internal/b2c/b2c.go:1048.18,1050.5 1 0
github.com/gidyon/mpesapayments/internal/b2c/b2c.go:1054.27,1058.18 2 0
github.com/gidyon/mpesapayments/internal/b2c/b2c.go:1058.18,1060.5 1 0
github.com/gidyon/mpesapayments/internal/b2c/b2c.go:1069.27,1072.16 2 0
github.com/gidyon/mpesapayments/internal/b2c/b2c.go:1077.2,1077.9 1 0
github.com/gidyon/mpesapayments/internal/b2c/b2c.go:1092.2,1092.32 1 0
github.com/gidyon/mpesapayments/internal/b2c/b2c.go:1102.2,1108.11 2 0
github.com/gidyon/mpesapayments/internal/b2c/b2c.go:1148.2,1148.30 1 0
github.com/gidyon/mpesapayments/internal/b2c/b2c.go:1072.16,1074.3 1 0
github.com/gidyon/mpesapayments/internal/b2c/b2c.go:1078.21,1079.52 1 0
github.com/gidyon/mpesapayments/internal/b2c/b2c.go:1080.92,1081.87 1 0
github.com/gidyon/mpesapayments/internal/b2c/b2c.go:1082.10,1083.61 1 0
github.com/gidyon/mpesapayments/internal/b2c/b2c.go:1083.61,1084.51 1 0
github.com/gidyon/mpesapayments/internal/b2c/b2c.go:1084.51,1088.5 1 0
github.com/gidyon/mpesapayments/internal/b2c/b2c.go:1092.32,1093.31 1 0
github.com/gidyon/mpesapayments/internal/b2c/b2c.go:1096.3,1097.32 2 0
github.com/gidyon/mpesapayments/internal/b2c/b2c.go:1093.31,1095.4 1 0
github.com/gidyon/mpesapayments/internal/b2c/b2c.go:1097.32,1099.4 1 0
github.com/gidyon/mpesapayments/internal/b2c/b2c.go:1108.11,1119.17 2 0
github.com/gidyon/mpesapayments/internal/b2c/b2c.go:1123.3,1124.34 2 0
github.com/gidyon/mpesapayments/internal/b2c/b2c.go:1129.3,1132.47 2 0
github.com/gidyon/mpesapayments/internal/b2c/b2c.go:1142.3,1143.17 2 0
github.com/gidyon/mpesapayments/internal/b2c/b2c.go:1119.17,1121.4 1 0
github.com/gidyon/mpesapayments/internal/b2c/b2c.go:1124.34,1126.4 1 0
github.com/gidyon/mpesapayments/internal/b2c/b2c.go:1132.47,1136.18 3 0
github.com/gidyon/mpesapayments/internal/b2c/b2c.go:1136.18,1138.5 1 0
github.com/gidyon/mpesapayments/internal/b2c/b2c.go:1143.17,1145.4 1 0
github.com/gidyon/mpesapayments/internal/b2c/b2c.go:1153.31,1155.9 1 2
github.com/gidyon/mpesapayments/internal/b2c/b2c.go:1160.2,1168.49 2 1
github.com/gidyon/mpesapayments/internal/b2c/b2c.go:1172.2,1172.21 1 1
github.com/gidyon/mpesapayments/internal/b2c/b2c.go:1180.2,1183.17 2 1
github.com/gidyon/mpesapayments/internal/b2c/b2c.go:1188.2,1188.28 1 1
github.com/gidyon/mpesapayments/internal/b2c/b2c.go:1191.2,1191.89 1 1
github.com/gidyon/mpesapayments/internal/b2c/b2c.go:1197.2,1200.9 3 1
github.com/gidyon/mpesapayments/internal/b2c/b2c.go:1206.2,1208.29 2 1
github.com/gidyon/mpesapayments/internal/b2c/b2c.go:1223.2,1224.32 2 1
github.com/gidyon/mpesapayments/internal/b2c/b2c.go:1232.2,1235.8 1 1
github.com/gidyon/mpesapayments/internal/b2c/b2c.go:1156.22,1157.45 1 1
github.com/gidyon/mpesapayments/internal/b2c/b2c.go:1168.49,1170.3 1 0
github.com/gidyon/mpesapayments/internal/b2c/b2c.go:1172.21,1174.17 2 0
github.com/gidyon/mpesapayments/internal/b2c/b2c.go:1177.3,1177.24 1 0
github.com/gidyon/mpesapayments/internal/b2c/b2c.go:1174.17,1176.4 1 0
github.com/gidyon/mpesapayments/internal/b2c/b2c.go:1183.17,1185.3 1 0
github.com/gidyon/mpesapayments/internal/b2c/b2c.go:1188.28,1190.3 1 0
github.com/gidyon/mpesapayments/internal/b2c/b2c.go:1191.89,1193.3 1 0
github.com/gidyon/mpesapayments/internal/b2c/b2c.go:1193.8,1193.54 1 1
github.com/gidyon/mpesapayments/internal/b2c/b2c.go:1193.54,1195.3 1 0
github.com/gidyon/mpesapayments/internal/b2c/b2c.go:1201.18,1201.18 0 1
github.com/gidyon/mpesapayments/internal/b2c/b2c.go:1202.10,1203.49 1 0
github.com/gidyon/mpesapayments/internal/b2c/b2c.go:1208.29,1210.17 2 0
github.com/gidyon/mpesapayments/internal/b2c/b2c.go:1215.3,1215.25 1 0
github.com/gidyon/mpesapayments/internal/b2c/b2c.go:1219.3,1220.19 2 0
github.com/gidyon/mpesapayments/internal/b2c/b2c.go:1210.17,1212.4 1 0
github.com/gidyon/mpesapayments/internal/b2c/b2c.go:1215.25,1216.9 1 0
github.com/gidyon/mpesapayments/internal/b2c/b2c.go:1224.32,1227.17 2 0
github.com/gidyon/mpesapayments/internal/b2c/b2c.go:1227.17,1229.4 1 0
github.com/gidyon/mpesapayments/internal/b2c/dailystat.go:14.71,19.6 3 3
github.com/gidyon/mpesapayments/internal/b2c/dailystat.go:19.6,21.10 2 3
github.com/gidyon/mpesapayments/internal/b2c/dailystat.go:22.21,22.21 0 0
github.com/gidyon/mpesapayments/internal/b2c/dailystat.go:23.19,28.18 4 0
github.com/gidyon/mpesapayments/internal/b2c/dailystat.go:33.4,33.21 1 0
github.com/gidyon/mpesapayments/internal/b2c/dailystat.go:45.4,45.41 1 0
github.com/gidyon/mpesapayments/internal/b2c/dailystat.go:28.18,30.13 2 0
github.com/gidyon/mpesapayments/internal/b2c/dailystat.go:33.21,36.19 2 0
github.com/gidyon/mpesapayments/internal/b2c/dailystat.go:36.19,38.14 2 0
github.com/gidyon/mpesapayments/internal/b2c/dailystat.go:40.10,40.28 1 0
github.com/gidyon/mpesapayments/internal/b2c/dailystat.go:40.28,42.13 1 0
github.com/gidyon/mpesapayments/internal/b2c/dailystat.go:45.41,48.19 2 0
github.com/gidyon/mpesapayments/internal/b2c/dailystat.go:52.5,54.60 2 0
github.com/gidyon/mpesapayments/internal/b2c/dailystat.go:48.19,50.15 2 0
github.com/gidyon/mpesapayments/internal/b2c/dailystat.go:55.10,57.19 2 0
github.com/gidyon/mpesapayments/internal/b2c/dailystat.go:62.5,64.60 2 0
github.com/gidyon/mpesapayments/internal/b2c/dailystat.go:57.19,59.15 2 0
github.com/gidyon/mpesapayments/internal/b2c/dailystat.go:74.104,83.16 3 0
github.com/gidyon/mpesapayments/internal/b2c/dailystat.go:89.2,89.39 1 0
github.com/gidyon/mpesapayments/internal/b2c/dailystat.go:83.16,86.3 2 0
github.com/gidyon/mpesapayments/internal/b2c/dailystat.go:89.39,101.17 5 0
github.com/gidyon/mpesapayments/internal/b2c/dailystat.go:109.3,113.17 3 0
github.com/gidyon/mpesapayments/internal/b2c/dailystat.go:121.3,125.17 3 0
github.com/gidyon/mpesapayments/internal/b2c/dailystat.go:133.3,137.17 3 0
github.com/gidyon/mpesapayments/internal/b2c/dailystat.go:145.3,147.24 2 0
github.com/gidyon/mpesapayments/internal/b2c/dailystat.go:150.3,150.25 1 0
github.com/gidyon/mpesapayments/internal/b2c/dailystat.go:155.3,169.10 4 0
github.com/gidyon/mpesapayments/internal/b2c/dailystat.go:101.17,107.4 2 0
github.com/gidyon/mpesapayments/internal/b2c/dailystat.go:113.17,119.4 2 0
github.com/gidyon/mpesapayments/internal/b2c/dailystat.go:125.17,131.4 2 0
github.com/gidyon/mpesapayments/internal/b2c/dailystat.go:137.17,143.4 2 0
github.com/gidyon/mpesapayments/internal/b2c/dailystat.go:147.24,149.4 1 0
github.com/gidyon/mpesapayments/internal/b2c/dailystat.go:150.25,152.4 1 0
github.com/gidyon/mpesapayments/internal/b2c/dailystat.go:170.19,173.18 2 0
github.com/gidyon/mpesapayments/internal/b2c/dailystat.go:179.47,182.18 2 0
github.com/gidyon/mpesapayments/internal/b2c/dailystat.go:188.11,190.10 2 0
github.com/gidyon/mpesapayments/internal/b2c/dailystat.go:173.18,178.5 2 0
github.com/gidyon/mpesapayments/internal/b2c/dailystat.go:182.18,187.5 2 0
github.com/gidyon/mpesapayments/internal/b2c/insert.go:14.63,20.38 4 3
github.com/gidyon/mpesapayments/internal/b2c/insert.go:28.2,28.21 1 3
github.com/gidyon/mpesapayments/internal/b2c/insert.go:51.2,53.19 2 3
github.com/gidyon/mpesapayments/internal/b2c/insert.go:58.2,58.6 1 3
github.com/gidyon/mpesapayments/internal/b2c/insert.go:20.38,22.52 2 1
github.com/gidyon/mpesapayments/internal/b2c/insert.go:25.3,25.13 1 1
github.com/gidyon/mpesapayments/internal/b2c/insert.go:22.52,24.4 1 1
github.com/gidyon/mpesapayments/internal/b2c/insert.go:28.21,29.38 1 1
github.com/gidyon/mpesapayments/internal/b2c/insert.go:47.3,48.43 2 1
github.com/gidyon/mpesapayments/internal/b2c/insert.go:29.38,30.17 1 1
github.com/gidyon/mpesapayments/internal/b2c/insert.go:30.17,32.46 1 1
github.com/gidyon/mpesapayments/internal/b2c/insert.go:32.46,40.20 3 1
github.com/gidyon/mpesapayments/internal/b2c/insert.go:40.20,43.7 2 1
github.com/gidyon/mpesapayments/internal/b2c/insert.go:53.19,56.3 2 0
github.com/gidyon/mpesapayments/internal/b2c/insert.go:58.6,59.10 1 13
github.com/gidyon/mpesapayments/internal/b2c/insert.go:60.21,61.10 1 0
github.com/gidyon/mpesapayments/internal/b2c/insert.go:62.19,63.33 1 9
github.com/gidyon/mpesapayments/internal/b2c/insert.go:77.47,79.47 2 1
github.com/gidyon/mpesapayments/internal/b2c/insert.go:63.33,65.12 2 1
github.com/gidyon/mpesapayments/internal/b2c/insert.go:66.21,68.16 2 1
github.com/gidyon/mpesapayments/internal/b2c/insert.go:69.70,71.16 2 0
github.com/gidyon/mpesapayments/internal/b2c/insert.go:72.13,73.84 1 0
github.com/gidyon/mpesapayments/internal/b2c/insert.go:79.47,81.12 2 0
github.com/gidyon/mpesapayments/internal/b2c/insert.go:82.21,84.16 2 0
github.com/gidyon/mpesapayments/internal/b2c/insert.go:85.70,87.16 2 0
github.com/gidyon/mpesapayments/internal/b2c/insert.go:88.13,89.85 1 0
github.com/gidyon/mpesapayments/internal/b2c/model.go:41.36,44.18 2 1
github.com/gidyon/mpesapayments/internal/b2c/model.go:47.2,47.17 1 1
github.com/gidyon/mpesapayments/internal/b2c/model.go:44.18,46.3 1 0
github.com/gidyon/mpesapayments/internal/b2c/model.go:51.67,74.2 2 203
github.com/gidyon/mpesapayments/internal/b2c/model.go:77.67,102.2 2 214
github.com/gidyon/mpesapayments/internal/b2c/model.go:122.38,125.18 2 1
github.com/gidyon/mpesapayments/internal/b2c/model.go:128.2,128.19 1 1
github.com/gidyon/mpesapayments/internal/b2c/model.go:125.18,127.3 1 0
github.com/gidyon/mpesapayments/internal/b2c/model.go:132.64,142.2 1 0
github.com/gidyon/mpesapayments/internal/b2c/model.go:145.64,157.2 1 0
github.com/gidyon/mpesapayments/internal/b2c/worker.go:13.93,15.6 2 3
github.com/gidyon/mpesapayments/internal/b2c/worker.go:15.6,17.17 2 3
github.com/gidyon/mpesapayments/internal/b2c/worker.go:24.3,24.10 1 3
github.com/gidyon/mpesapayments/internal/b2c/worker.go:17.17,20.12 3 0
github.com/gidyon/mpesapayments/internal/b2c/worker.go:21.9,23.4 1 3
github.com/gidyon/mpesapayments/internal/b2c/worker.go:25.21,26.10 1 0
github.com/gidyon/mpesapayments/internal/b2c/worker.go:27.26,27.26 0 0
github.com/gidyon/mpesapayments/internal/b2c/worker.go:32.55,34.16 2 3
github.com/gidyon/mpesapayments/internal/b2c/worker.go:38.2,41.43 3 3
github.com/gidyon/mpesapayments/internal/b2c/worker.go:45.2,47.43 3 3
github.com/gidyon/mpesapayments/internal/b2c/worker.go:51.2,53.12 2 3
github.com/gidyon/mpesapayments/internal/b2c/worker.go:34.16,36.3 1 0
github.com/gidyon/mpesapayments/internal/b2c/worker.go:41.43,43.3 1 0
github.com/gidyon/mpesapayments/internal/b2c/worker.go:47.43,49.3 1 0
github.com/gidyon/mpesapayments/internal/b2c/worker.go:56.70,59.6 2 3
github.com/gidyon/mpesapayments/internal/b2c/worker.go:59.6,60.10 1 3
github.com/gidyon/mpesapayments/internal/b2c/worker.go:61.21,62.10 1 0
github.com/gidyon/mpesapayments/internal/b2c/worker.go:63.20,66.32 2 0
